<?xml version="1.0" encoding="UTF-8" ?>
<testsuite tests="2" failures="0" name="com.yuan.hspot.AppTest" time="0.311" errors="1" skipped="0">
  <properties>
[...]
</properties>
  <testcase classname="com.yuan.hspot.DAOTest.UserDAOTest" name="testFindAll" time="0.271"/>
  <testcase classname="com.yuan.hspot.DAOTest.UserDAOTest" name="testFilterUser" time="0.04">
    <error type="java.lang.NullPointerException">java.lang.NullPointerException
	at com.yuan.hspot.DAO.UserDAO.filterUsers(UserDAO.java:43)
	at com.yuan.hspot.DAOTest.UserDAOTest.testFilterUser(UserDAOTest.java:103)
	at sun.reflect.NativeMethodAccessorImpl.invoke0(Native Method)
	at sun.reflect.NativeMethodAccessorImpl.invoke(NativeMethodAccessorImpl.java:62)
	at sun.reflect.DelegatingMethodAccessorImpl.invoke(DelegatingMethodAccessorImpl.java:43)
	at java.lang.reflect.Method.invoke(Method.java:497)
	at org.junit.runners.model.FrameworkMethod$1.runReflectiveCall(FrameworkMethod.java:50)
	at org.junit.internal.runners.model.ReflectiveCallable.run(ReflectiveCallable.java:12)
	at org.junit.runners.model.FrameworkMethod.invokeExplosively(FrameworkMethod.java:47)
	at org.junit.internal.runners.statements.InvokeMethod.evaluate(InvokeMethod.java:17)
	at org.junit.internal.runners.statements.RunBefores.evaluate(RunBefores.java:26)
	at org.junit.internal.runners.statements.RunAfters.evaluate(RunAfters.java:27)
	at org.junit.runners.ParentRunner.runLeaf(ParentRunner.java:325)
	at org.junit.runners.BlockJUnit4ClassRunner.runChild(BlockJUnit4ClassRunner.java:78)
	at org.junit.runners.BlockJUnit4ClassRunner.runChild(BlockJUnit4ClassRunner.java:57)
	at org.junit.runners.ParentRunner$3.run(ParentRunner.java:290)
	at org.junit.runners.ParentRunner$1.schedule(ParentRunner.java:71)
	at org.junit.runners.ParentRunner.runChildren(ParentRunner.java:288)
	at org.junit.runners.ParentRunner.access$000(ParentRunner.java:58)
	at org.junit.runners.ParentRunner$2.evaluate(ParentRunner.java:268)
	at org.junit.runners.ParentRunner.run(ParentRunner.java:363)
	at org.junit.runners.Suite.runChild(Suite.java:128)
	at org.junit.runners.Suite.runChild(Suite.java:27)
	at org.junit.runners.ParentRunner$3.run(ParentRunner.java:290)
	at org.junit.runners.ParentRunner$1.schedule(ParentRunner.java:71)
	at org.junit.runners.ParentRunner.runChildren(ParentRunner.java:288)
	at org.junit.runners.ParentRunner.access$000(ParentRunner.java:58)
	at org.junit.runners.ParentRunner$2.evaluate(ParentRunner.java:268)
	at org.junit.runners.ParentRunner.run(ParentRunner.java:363)
	at org.apache.maven.surefire.junit4.JUnit4Provider.execute(JUnit4Provider.java:252)
	at org.apache.maven.surefire.junit4.JUnit4Provider.executeTestSet(JUnit4Provider.java:141)
	at org.apache.maven.surefire.junit4.JUnit4Provider.invoke(JUnit4Provider.java:112)
	at sun.reflect.NativeMethodAccessorImpl.invoke0(Native Method)
	at sun.reflect.NativeMethodAccessorImpl.invoke(NativeMethodAccessorImpl.java:62)
	at sun.reflect.DelegatingMethodAccessorImpl.invoke(DelegatingMethodAccessorImpl.java:43)
	at java.lang.reflect.Method.invoke(Method.java:497)
	at org.apache.maven.surefire.util.ReflectionUtils.invokeMethodWithArray(ReflectionUtils.java:189)
	at org.apache.maven.surefire.booter.ProviderFactory$ProviderProxy.invoke(ProviderFactory.java:165)
	at org.apache.maven.surefire.booter.ProviderFactory.invokeProvider(ProviderFactory.java:85)
	at org.apache.maven.surefire.booter.ForkedBooter.runSuitesInProcess(ForkedBooter.java:115)
	at org.apache.maven.surefire.booter.ForkedBooter.main(ForkedBooter.java:75)
</error>
    <system-out>14:56:05.741 [main] DEBUG org.hibernate.type.BasicTypeRegistry - Adding type registration boolean -&gt; org.hibernate.type.BooleanType@6325a3ee
14:56:05.741 [main] DEBUG org.hibernate.type.BasicTypeRegistry - Adding type registration boolean -&gt; org.hibernate.type.BooleanType@6325a3ee
14:56:05.742 [main] DEBUG org.hibernate.type.BasicTypeRegistry - Adding type registration java.lang.Boolean -&gt; org.hibernate.type.BooleanType@6325a3ee
14:56:05.742 [main] DEBUG org.hibernate.type.BasicTypeRegistry - Adding type registration numeric_boolean -&gt; org.hibernate.type.NumericBooleanType@4f970963
14:56:05.742 [main] DEBUG org.hibernate.type.BasicTypeRegistry - Adding type registration true_false -&gt; org.hibernate.type.TrueFalseType@5bc79255
14:56:05.742 [main] DEBUG org.hibernate.type.BasicTypeRegistry - Adding type registration yes_no -&gt; org.hibernate.type.YesNoType@3dd4520b
14:56:05.742 [main] DEBUG org.hibernate.type.BasicTypeRegistry - Adding type registration byte -&gt; org.hibernate.type.ByteType@2758fe70
14:56:05.742 [main] DEBUG org.hibernate.type.BasicTypeRegistry - Adding type registration byte -&gt; org.hibernate.type.ByteType@2758fe70
14:56:05.742 [main] DEBUG org.hibernate.type.BasicTypeRegistry - Adding type registration java.lang.Byte -&gt; org.hibernate.type.ByteType@2758fe70
14:56:05.742 [main] DEBUG org.hibernate.type.BasicTypeRegistry - Adding type registration character -&gt; org.hibernate.type.CharacterType@6ebc05a6
14:56:05.742 [main] DEBUG org.hibernate.type.BasicTypeRegistry - Adding type registration char -&gt; org.hibernate.type.CharacterType@6ebc05a6
14:56:05.742 [main] DEBUG org.hibernate.type.BasicTypeRegistry - Adding type registration java.lang.Character -&gt; org.hibernate.type.CharacterType@6ebc05a6
14:56:05.742 [main] DEBUG org.hibernate.type.BasicTypeRegistry - Adding type registration short -&gt; org.hibernate.type.ShortType@3a883ce7
14:56:05.742 [main] DEBUG org.hibernate.type.BasicTypeRegistry - Adding type registration short -&gt; org.hibernate.type.ShortType@3a883ce7
14:56:05.742 [main] DEBUG org.hibernate.type.BasicTypeRegistry - Adding type registration java.lang.Short -&gt; org.hibernate.type.ShortType@3a883ce7
14:56:05.742 [main] DEBUG org.hibernate.type.BasicTypeRegistry - Adding type registration integer -&gt; org.hibernate.type.IntegerType@3224f60b
14:56:05.742 [main] DEBUG org.hibernate.type.BasicTypeRegistry - Adding type registration int -&gt; org.hibernate.type.IntegerType@3224f60b
14:56:05.742 [main] DEBUG org.hibernate.type.BasicTypeRegistry - Adding type registration java.lang.Integer -&gt; org.hibernate.type.IntegerType@3224f60b
14:56:05.742 [main] DEBUG org.hibernate.type.BasicTypeRegistry - Adding type registration long -&gt; org.hibernate.type.LongType@7494e528
14:56:05.742 [main] DEBUG org.hibernate.type.BasicTypeRegistry - Adding type registration long -&gt; org.hibernate.type.LongType@7494e528
14:56:05.742 [main] DEBUG org.hibernate.type.BasicTypeRegistry - Adding type registration java.lang.Long -&gt; org.hibernate.type.LongType@7494e528
14:56:05.742 [main] DEBUG org.hibernate.type.BasicTypeRegistry - Adding type registration float -&gt; org.hibernate.type.FloatType@2a17b7b6
14:56:05.742 [main] DEBUG org.hibernate.type.BasicTypeRegistry - Adding type registration float -&gt; org.hibernate.type.FloatType@2a17b7b6
14:56:05.742 [main] DEBUG org.hibernate.type.BasicTypeRegistry - Adding type registration java.lang.Float -&gt; org.hibernate.type.FloatType@2a17b7b6
14:56:05.742 [main] DEBUG org.hibernate.type.BasicTypeRegistry - Adding type registration double -&gt; org.hibernate.type.DoubleType@131276c2
14:56:05.742 [main] DEBUG org.hibernate.type.BasicTypeRegistry - Adding type registration double -&gt; org.hibernate.type.DoubleType@131276c2
14:56:05.742 [main] DEBUG org.hibernate.type.BasicTypeRegistry - Adding type registration java.lang.Double -&gt; org.hibernate.type.DoubleType@131276c2
14:56:05.742 [main] DEBUG org.hibernate.type.BasicTypeRegistry - Adding type registration big_decimal -&gt; org.hibernate.type.BigDecimalType@4e7dc304
14:56:05.742 [main] DEBUG org.hibernate.type.BasicTypeRegistry - Adding type registration java.math.BigDecimal -&gt; org.hibernate.type.BigDecimalType@4e7dc304
14:56:05.742 [main] DEBUG org.hibernate.type.BasicTypeRegistry - Adding type registration big_integer -&gt; org.hibernate.type.BigIntegerType@56aac163
14:56:05.742 [main] DEBUG org.hibernate.type.BasicTypeRegistry - Adding type registration java.math.BigInteger -&gt; org.hibernate.type.BigIntegerType@56aac163
14:56:05.742 [main] DEBUG org.hibernate.type.BasicTypeRegistry - Adding type registration string -&gt; org.hibernate.type.StringType@1d29cf23
14:56:05.742 [main] DEBUG org.hibernate.type.BasicTypeRegistry - Adding type registration java.lang.String -&gt; org.hibernate.type.StringType@1d29cf23
14:56:05.742 [main] DEBUG org.hibernate.type.BasicTypeRegistry - Adding type registration nstring -&gt; org.hibernate.type.StringNVarcharType@53f65459
14:56:05.743 [main] DEBUG org.hibernate.type.BasicTypeRegistry - Adding type registration ncharacter -&gt; org.hibernate.type.CharacterNCharType@6acdbdf5
14:56:05.743 [main] DEBUG org.hibernate.type.BasicTypeRegistry - Adding type registration url -&gt; org.hibernate.type.UrlType@33f88ab
14:56:05.743 [main] DEBUG org.hibernate.type.BasicTypeRegistry - Adding type registration java.net.URL -&gt; org.hibernate.type.UrlType@33f88ab
14:56:05.743 [main] DEBUG org.hibernate.type.BasicTypeRegistry - Adding type registration date -&gt; org.hibernate.type.DateType@704a52ec
14:56:05.743 [main] DEBUG org.hibernate.type.BasicTypeRegistry - Adding type registration java.sql.Date -&gt; org.hibernate.type.DateType@704a52ec
14:56:05.743 [main] DEBUG org.hibernate.type.BasicTypeRegistry - Adding type registration time -&gt; org.hibernate.type.TimeType@305fd85d
14:56:05.743 [main] DEBUG org.hibernate.type.BasicTypeRegistry - Adding type registration java.sql.Time -&gt; org.hibernate.type.TimeType@305fd85d
14:56:05.743 [main] DEBUG org.hibernate.type.BasicTypeRegistry - Adding type registration timestamp -&gt; org.hibernate.type.TimestampType@ea1a8d5
14:56:05.743 [main] DEBUG org.hibernate.type.BasicTypeRegistry - Adding type registration java.sql.Timestamp -&gt; org.hibernate.type.TimestampType@ea1a8d5
14:56:05.743 [main] DEBUG org.hibernate.type.BasicTypeRegistry - Adding type registration java.util.Date -&gt; org.hibernate.type.TimestampType@ea1a8d5
14:56:05.743 [main] DEBUG org.hibernate.type.BasicTypeRegistry - Adding type registration dbtimestamp -&gt; org.hibernate.type.DbTimestampType@30a3107a
14:56:05.743 [main] DEBUG org.hibernate.type.BasicTypeRegistry - Adding type registration calendar -&gt; org.hibernate.type.CalendarType@17d677df
14:56:05.743 [main] DEBUG org.hibernate.type.BasicTypeRegistry - Adding type registration java.util.Calendar -&gt; org.hibernate.type.CalendarType@17d677df
14:56:05.743 [main] DEBUG org.hibernate.type.BasicTypeRegistry - Adding type registration java.util.GregorianCalendar -&gt; org.hibernate.type.CalendarType@17d677df
14:56:05.743 [main] DEBUG org.hibernate.type.BasicTypeRegistry - Adding type registration calendar_date -&gt; org.hibernate.type.CalendarDateType@bd8db5a
14:56:05.743 [main] DEBUG org.hibernate.type.BasicTypeRegistry - Adding type registration locale -&gt; org.hibernate.type.LocaleType@480bdb19
14:56:05.743 [main] DEBUG org.hibernate.type.BasicTypeRegistry - Adding type registration java.util.Locale -&gt; org.hibernate.type.LocaleType@480bdb19
14:56:05.743 [main] DEBUG org.hibernate.type.BasicTypeRegistry - Adding type registration currency -&gt; org.hibernate.type.CurrencyType@467aecef
14:56:05.743 [main] DEBUG org.hibernate.type.BasicTypeRegistry - Adding type registration java.util.Currency -&gt; org.hibernate.type.CurrencyType@467aecef
14:56:05.743 [main] DEBUG org.hibernate.type.BasicTypeRegistry - Adding type registration timezone -&gt; org.hibernate.type.TimeZoneType@6f195bc3
14:56:05.743 [main] DEBUG org.hibernate.type.BasicTypeRegistry - Adding type registration java.util.TimeZone -&gt; org.hibernate.type.TimeZoneType@6f195bc3
14:56:05.743 [main] DEBUG org.hibernate.type.BasicTypeRegistry - Adding type registration class -&gt; org.hibernate.type.ClassType@42f93a98
14:56:05.743 [main] DEBUG org.hibernate.type.BasicTypeRegistry - Adding type registration java.lang.Class -&gt; org.hibernate.type.ClassType@42f93a98
14:56:05.743 [main] DEBUG org.hibernate.type.BasicTypeRegistry - Adding type registration uuid-binary -&gt; org.hibernate.type.UUIDBinaryType@32d2fa64
14:56:05.743 [main] DEBUG org.hibernate.type.BasicTypeRegistry - Adding type registration java.util.UUID -&gt; org.hibernate.type.UUIDBinaryType@32d2fa64
14:56:05.743 [main] DEBUG org.hibernate.type.BasicTypeRegistry - Adding type registration uuid-char -&gt; org.hibernate.type.UUIDCharType@9a7504c
14:56:05.743 [main] DEBUG org.hibernate.type.BasicTypeRegistry - Adding type registration pg-uuid -&gt; org.hibernate.type.PostgresUUIDType@5bb21b69
14:56:05.743 [main] DEBUG org.hibernate.type.BasicTypeRegistry - Adding type registration binary -&gt; org.hibernate.type.BinaryType@26a7b76d
14:56:05.743 [main] DEBUG org.hibernate.type.BasicTypeRegistry - Adding type registration byte[] -&gt; org.hibernate.type.BinaryType@26a7b76d
14:56:05.743 [main] DEBUG org.hibernate.type.BasicTypeRegistry - Adding type registration [B -&gt; org.hibernate.type.BinaryType@26a7b76d
14:56:05.743 [main] DEBUG org.hibernate.type.BasicTypeRegistry - Adding type registration wrapper-binary -&gt; org.hibernate.type.WrapperBinaryType@60285225
14:56:05.743 [main] DEBUG org.hibernate.type.BasicTypeRegistry - Adding type registration Byte[] -&gt; org.hibernate.type.WrapperBinaryType@60285225
14:56:05.743 [main] DEBUG org.hibernate.type.BasicTypeRegistry - Adding type registration [Ljava.lang.Byte; -&gt; org.hibernate.type.WrapperBinaryType@60285225
14:56:05.743 [main] DEBUG org.hibernate.type.BasicTypeRegistry - Adding type registration image -&gt; org.hibernate.type.ImageType@cb51256
14:56:05.743 [main] DEBUG org.hibernate.type.BasicTypeRegistry - Adding type registration characters -&gt; org.hibernate.type.CharArrayType@5f3a4b84
14:56:05.743 [main] DEBUG org.hibernate.type.BasicTypeRegistry - Adding type registration char[] -&gt; org.hibernate.type.CharArrayType@5f3a4b84
14:56:05.744 [main] DEBUG org.hibernate.type.BasicTypeRegistry - Adding type registration [C -&gt; org.hibernate.type.CharArrayType@5f3a4b84
14:56:05.744 [main] DEBUG org.hibernate.type.BasicTypeRegistry - Adding type registration wrapper-characters -&gt; org.hibernate.type.CharacterArrayType@46daef40
14:56:05.744 [main] DEBUG org.hibernate.type.BasicTypeRegistry - Adding type registration [Ljava.lang.Character; -&gt; org.hibernate.type.CharacterArrayType@46daef40
14:56:05.744 [main] DEBUG org.hibernate.type.BasicTypeRegistry - Adding type registration Character[] -&gt; org.hibernate.type.CharacterArrayType@46daef40
14:56:05.744 [main] DEBUG org.hibernate.type.BasicTypeRegistry - Adding type registration text -&gt; org.hibernate.type.TextType@5ed828d
14:56:05.744 [main] DEBUG org.hibernate.type.BasicTypeRegistry - Adding type registration ntext -&gt; org.hibernate.type.NTextType@1a3869f4
14:56:05.744 [main] DEBUG org.hibernate.type.BasicTypeRegistry - Adding type registration blob -&gt; org.hibernate.type.BlobType@4671e53b
14:56:05.744 [main] DEBUG org.hibernate.type.BasicTypeRegistry - Adding type registration java.sql.Blob -&gt; org.hibernate.type.BlobType@4671e53b
14:56:05.744 [main] DEBUG org.hibernate.type.BasicTypeRegistry - Adding type registration materialized_blob -&gt; org.hibernate.type.MaterializedBlobType@b7dd107
14:56:05.744 [main] DEBUG org.hibernate.type.BasicTypeRegistry - Adding type registration clob -&gt; org.hibernate.type.ClobType@c81cdd1
14:56:05.744 [main] DEBUG org.hibernate.type.BasicTypeRegistry - Adding type registration java.sql.Clob -&gt; org.hibernate.type.ClobType@c81cdd1
14:56:05.744 [main] DEBUG org.hibernate.type.BasicTypeRegistry - Adding type registration nclob -&gt; org.hibernate.type.NClobType@6ec8211c
14:56:05.744 [main] DEBUG org.hibernate.type.BasicTypeRegistry - Adding type registration java.sql.NClob -&gt; org.hibernate.type.NClobType@6ec8211c
14:56:05.744 [main] DEBUG org.hibernate.type.BasicTypeRegistry - Adding type registration materialized_clob -&gt; org.hibernate.type.MaterializedClobType@2e3fc542
14:56:05.744 [main] DEBUG org.hibernate.type.BasicTypeRegistry - Adding type registration materialized_nclob -&gt; org.hibernate.type.MaterializedNClobType@401e7803
14:56:05.744 [main] DEBUG org.hibernate.type.BasicTypeRegistry - Adding type registration serializable -&gt; org.hibernate.type.SerializableType@2eda0940
14:56:05.744 [main] DEBUG org.hibernate.type.BasicTypeRegistry - Adding type registration object -&gt; org.hibernate.type.ObjectType@481a15ff
14:56:05.744 [main] DEBUG org.hibernate.type.BasicTypeRegistry - Adding type registration java.lang.Object -&gt; org.hibernate.type.ObjectType@481a15ff
14:56:05.744 [main] DEBUG org.hibernate.type.BasicTypeRegistry - Adding type registration imm_date -&gt; org.hibernate.type.AdaptedImmutableType@3569edd5
14:56:05.744 [main] DEBUG org.hibernate.type.BasicTypeRegistry - Adding type registration imm_time -&gt; org.hibernate.type.AdaptedImmutableType@1f651cd8
14:56:05.744 [main] DEBUG org.hibernate.type.BasicTypeRegistry - Adding type registration imm_timestamp -&gt; org.hibernate.type.AdaptedImmutableType@7d0332e1
14:56:05.744 [main] DEBUG org.hibernate.type.BasicTypeRegistry - Adding type registration imm_dbtimestamp -&gt; org.hibernate.type.AdaptedImmutableType@7a356a0d
14:56:05.744 [main] DEBUG org.hibernate.type.BasicTypeRegistry - Adding type registration imm_calendar -&gt; org.hibernate.type.AdaptedImmutableType@c827db
14:56:05.744 [main] DEBUG org.hibernate.type.BasicTypeRegistry - Adding type registration imm_calendar_date -&gt; org.hibernate.type.AdaptedImmutableType@377c68c6
14:56:05.744 [main] DEBUG org.hibernate.type.BasicTypeRegistry - Adding type registration imm_binary -&gt; org.hibernate.type.AdaptedImmutableType@538cd0f2
14:56:05.744 [main] DEBUG org.hibernate.type.BasicTypeRegistry - Adding type registration imm_serializable -&gt; org.hibernate.type.AdaptedImmutableType@238ad8c
14:56:05.744 [main] DEBUG o.h.i.f.i.DefaultIdentifierGeneratorFactory - Registering IdentifierGenerator strategy [uuid2] -&gt; [org.hibernate.id.UUIDGenerator]
14:56:05.744 [main] DEBUG o.h.i.f.i.DefaultIdentifierGeneratorFactory - Registering IdentifierGenerator strategy [guid] -&gt; [org.hibernate.id.GUIDGenerator]
14:56:05.744 [main] DEBUG o.h.i.f.i.DefaultIdentifierGeneratorFactory - Registering IdentifierGenerator strategy [uuid] -&gt; [org.hibernate.id.UUIDHexGenerator]
14:56:05.744 [main] DEBUG o.h.i.f.i.DefaultIdentifierGeneratorFactory - Registering IdentifierGenerator strategy [uuid.hex] -&gt; [org.hibernate.id.UUIDHexGenerator]
14:56:05.744 [main] DEBUG o.h.i.f.i.DefaultIdentifierGeneratorFactory - Registering IdentifierGenerator strategy [hilo] -&gt; [org.hibernate.id.TableHiLoGenerator]
14:56:05.744 [main] DEBUG o.h.i.f.i.DefaultIdentifierGeneratorFactory - Registering IdentifierGenerator strategy [assigned] -&gt; [org.hibernate.id.Assigned]
14:56:05.745 [main] DEBUG o.h.i.f.i.DefaultIdentifierGeneratorFactory - Registering IdentifierGenerator strategy [identity] -&gt; [org.hibernate.id.IdentityGenerator]
14:56:05.745 [main] DEBUG o.h.i.f.i.DefaultIdentifierGeneratorFactory - Registering IdentifierGenerator strategy [select] -&gt; [org.hibernate.id.SelectGenerator]
14:56:05.745 [main] DEBUG o.h.i.f.i.DefaultIdentifierGeneratorFactory - Registering IdentifierGenerator strategy [sequence] -&gt; [org.hibernate.id.SequenceGenerator]
14:56:05.745 [main] DEBUG o.h.i.f.i.DefaultIdentifierGeneratorFactory - Registering IdentifierGenerator strategy [seqhilo] -&gt; [org.hibernate.id.SequenceHiLoGenerator]
14:56:05.745 [main] DEBUG o.h.i.f.i.DefaultIdentifierGeneratorFactory - Registering IdentifierGenerator strategy [increment] -&gt; [org.hibernate.id.IncrementGenerator]
14:56:05.745 [main] DEBUG o.h.i.f.i.DefaultIdentifierGeneratorFactory - Registering IdentifierGenerator strategy [foreign] -&gt; [org.hibernate.id.ForeignGenerator]
14:56:05.745 [main] DEBUG o.h.i.f.i.DefaultIdentifierGeneratorFactory - Registering IdentifierGenerator strategy [sequence-identity] -&gt; [org.hibernate.id.SequenceIdentityGenerator]
14:56:05.745 [main] DEBUG o.h.i.f.i.DefaultIdentifierGeneratorFactory - Registering IdentifierGenerator strategy [enhanced-sequence] -&gt; [org.hibernate.id.enhanced.SequenceStyleGenerator]
14:56:05.745 [main] DEBUG o.h.i.f.i.DefaultIdentifierGeneratorFactory - Registering IdentifierGenerator strategy [enhanced-table] -&gt; [org.hibernate.id.enhanced.TableGenerator]
14:56:05.745 [main] DEBUG o.h.i.internal.IntegratorServiceImpl - Adding Integrator [org.hibernate.cfg.beanvalidation.BeanValidationIntegrator].
14:56:05.745 [main] DEBUG o.h.i.internal.IntegratorServiceImpl - Adding Integrator [org.hibernate.secure.spi.JaccIntegrator].
14:56:05.745 [main] DEBUG o.h.i.internal.IntegratorServiceImpl - Adding Integrator [org.hibernate.cache.internal.CollectionCacheInvalidator].
14:56:05.746 [main] DEBUG o.h.i.internal.IntegratorServiceImpl - Adding Integrator [org.jadira.usertype.dateandtime.joda.integrator.UserTypeJodaTimeHibernateIntegrator].
14:56:05.746 [main] DEBUG o.h.i.internal.IntegratorServiceImpl - Adding Integrator [org.jadira.usertype.moneyandcurrency.joda.integrator.UserTypeJodaMoneyHibernateIntegrator].
14:56:05.746 [main] DEBUG o.h.i.internal.IntegratorServiceImpl - Adding Integrator [org.jadira.usertype.moneyandcurrency.legacyjdk.integrator.UserTypeLegacyJdkMoneyHibernateIntegrator].
14:56:05.747 [main] DEBUG o.h.b.r.s.i.StrategySelectorImpl - Registering named strategy selector [org.hibernate.dialect.Dialect] : [MySQL5] -&gt; [org.hibernate.dialect.MySQL5Dialect] (replacing [org.hibernate.dialect.MySQL5Dialect])
14:56:05.747 [main] DEBUG o.h.b.r.s.i.StrategySelectorImpl - Registering named strategy selector [org.hibernate.dialect.Dialect] : [MySQL5InnoDB] -&gt; [org.hibernate.dialect.MySQL5InnoDBDialect] (replacing [org.hibernate.dialect.MySQL5InnoDBDialect])
14:56:05.749 [main] DEBUG o.h.service.spi.ServiceBinding - Overriding existing service binding [org.hibernate.secure.spi.JaccService]
14:56:05.749 [main] DEBUG org.hibernate.cfg.Configuration - Preparing to build session factory with filters : {}
14:56:05.750 [main] WARN  o.h.e.j.c.i.DriverManagerConnectionProviderImpl - HHH000402: Using Hibernate built-in connection pool (not for production use!)
14:56:05.750 [main] INFO  o.h.e.j.c.i.DriverManagerConnectionProviderImpl - HHH000401: using driver [org.postgresql.Driver] at URL [jdbc:postgresql://127.0.0.1:5432/hspottest]
14:56:05.750 [main] INFO  o.h.e.j.c.i.DriverManagerConnectionProviderImpl - HHH000046: Connection properties: {user=postgres, password=1234}
14:56:05.750 [main] INFO  o.h.e.j.c.i.DriverManagerConnectionProviderImpl - HHH000006: Autocommit mode: false
14:56:05.750 [main] INFO  o.h.e.j.c.i.DriverManagerConnectionProviderImpl - HHH000115: Hibernate connection pool size: 20 (min=1)
14:56:05.750 [main] DEBUG o.h.e.j.c.i.DriverManagerConnectionProviderImpl - Initializing Connection pool with 1 Connections
14:56:05.764 [main] DEBUG o.h.e.jdbc.internal.JdbcServicesImpl - Database -&gt;
       name : PostgreSQL
    version : 9.4.4
      major : 9
      minor : 4
14:56:05.764 [main] DEBUG o.h.e.jdbc.internal.JdbcServicesImpl - Driver -&gt;
       name : PostgreSQL Native Driver
    version : PostgreSQL 9.4 JDBC4.2 (build 1205)
      major : 9
      minor : 4
14:56:05.764 [main] DEBUG o.h.e.jdbc.internal.JdbcServicesImpl - JDBC version : 4.0
14:56:05.765 [main] DEBUG o.h.e.j.c.i.StandardRefCursorSupport - Unexpected error trying to gauge level of JDBC REF_CURSOR support : null
14:56:05.925 [main] INFO  org.hibernate.dialect.Dialect - HHH000400: Using dialect: org.hibernate.dialect.PostgreSQL9Dialect
14:56:05.926 [main] INFO  o.h.e.j.internal.LobCreatorBuilder - HHH000424: Disabling contextual LOB creation as createClob() method threw error : java.lang.reflect.InvocationTargetException
14:56:05.926 [main] DEBUG org.hibernate.cfg.Configuration - Processing hbm.xml files
14:56:05.926 [main] DEBUG org.hibernate.cfg.Configuration - Process annotated classes
14:56:05.927 [main] DEBUG org.hibernate.cfg.AnnotationBinder - Binding entity from annotated class: com.yuan.hspot.Entity.UserDetails
14:56:05.927 [main] DEBUG o.h.cfg.annotations.QueryBinder - Binding named query: UserDetails.findAll =&gt; from UserDetails
14:56:05.927 [main] DEBUG o.h.cfg.annotations.QueryBinder - Binding named query: UserDetails.deleteAll =&gt; delete from UserDetails
14:56:05.927 [main] DEBUG org.hibernate.cfg.Ejb3Column - Binding column: Ejb3DiscriminatorColumn{logicalColumnName&apos;DTYPE&apos;, discriminatorTypeName=&apos;string&apos;}
14:56:05.927 [main] DEBUG org.hibernate.cfg.AnnotationBinder - No value specified for &apos;javax.persistence.sharedCache.mode&apos;; using UNSPECIFIED
14:56:05.927 [main] DEBUG o.h.cfg.annotations.EntityBinder - Import with entity name UserDetails
14:56:05.928 [main] DEBUG o.h.cfg.annotations.EntityBinder - Bind entity com.yuan.hspot.Entity.UserDetails on table UserDetails
14:56:05.930 [main] DEBUG org.hibernate.cfg.Ejb3Column - Binding column: Ejb3Column{table=org.hibernate.mapping.Table(UserDetails), mappingColumn=userID, insertable=true, updatable=true, unique=false}
14:56:05.931 [main] DEBUG o.h.cfg.annotations.PropertyBinder - MetadataSourceProcessor property userID with lazy=false
14:56:05.931 [main] DEBUG o.h.cfg.AbstractPropertyHolder - Attempting to locate auto-apply AttributeConverter for property [com.yuan.hspot.Entity.UserDetails:userID]
14:56:05.931 [main] DEBUG o.h.c.annotations.SimpleValueBinder - building SimpleValue for userID
14:56:05.931 [main] DEBUG o.h.cfg.annotations.PropertyBinder - Building property userID
14:56:05.931 [main] DEBUG org.hibernate.cfg.Ejb3Column - Binding column: Ejb3Column{table=org.hibernate.mapping.Table(UserDetails), mappingColumn=email, insertable=true, updatable=true, unique=true}
14:56:05.932 [main] DEBUG o.h.cfg.annotations.PropertyBinder - MetadataSourceProcessor property email with lazy=false
14:56:05.932 [main] DEBUG o.h.cfg.AbstractPropertyHolder - Attempting to locate auto-apply AttributeConverter for property [com.yuan.hspot.Entity.UserDetails:email]
14:56:05.932 [main] DEBUG o.h.c.annotations.SimpleValueBinder - building SimpleValue for email
14:56:05.932 [main] DEBUG o.h.cfg.annotations.PropertyBinder - Building property email
14:56:05.932 [main] DEBUG org.hibernate.cfg.Ejb3Column - Binding column: Ejb3Column{table=org.hibernate.mapping.Table(UserDetails), mappingColumn=firstName, insertable=true, updatable=true, unique=false}
14:56:05.932 [main] DEBUG o.h.cfg.annotations.PropertyBinder - MetadataSourceProcessor property firstName with lazy=false
14:56:05.932 [main] DEBUG o.h.cfg.AbstractPropertyHolder - Attempting to locate auto-apply AttributeConverter for property [com.yuan.hspot.Entity.UserDetails:firstName]
14:56:05.932 [main] DEBUG o.h.c.annotations.SimpleValueBinder - building SimpleValue for firstName
14:56:05.932 [main] DEBUG o.h.cfg.annotations.PropertyBinder - Building property firstName
14:56:05.933 [main] DEBUG org.hibernate.cfg.Ejb3Column - Binding column: Ejb3Column{table=org.hibernate.mapping.Table(UserDetails), mappingColumn=lastName, insertable=true, updatable=true, unique=false}
14:56:05.933 [main] DEBUG o.h.cfg.annotations.PropertyBinder - MetadataSourceProcessor property lastName with lazy=false
14:56:05.933 [main] DEBUG o.h.cfg.AbstractPropertyHolder - Attempting to locate auto-apply AttributeConverter for property [com.yuan.hspot.Entity.UserDetails:lastName]
14:56:05.933 [main] DEBUG o.h.c.annotations.SimpleValueBinder - building SimpleValue for lastName
14:56:05.933 [main] DEBUG o.h.cfg.annotations.PropertyBinder - Building property lastName
14:56:05.933 [main] DEBUG org.hibernate.cfg.Ejb3Column - Binding column: Ejb3JoinColumn{logicalColumnName=&apos;null&apos;, referencedColumn=&apos;null&apos;, mappedBy=&apos;userDetails&apos;}
14:56:05.933 [main] DEBUG org.hibernate.cfg.Ejb3Column - Binding column: Ejb3Column{table=org.hibernate.mapping.Table(UserDetails), mappingColumn=messages, insertable=true, updatable=true, unique=false}
14:56:05.933 [main] DEBUG org.hibernate.cfg.Ejb3Column - Binding column: Ejb3Column{table=org.hibernate.mapping.Table(UserDetails), mappingColumn=null, insertable=true, updatable=true, unique=false}
14:56:05.933 [main] DEBUG org.hibernate.cfg.Ejb3Column - Binding column: Ejb3Column{table=org.hibernate.mapping.Table(UserDetails), mappingColumn=element, insertable=true, updatable=true, unique=false}
14:56:05.933 [main] DEBUG org.hibernate.cfg.Ejb3Column - Binding column: Ejb3Column{table=org.hibernate.mapping.Table(UserDetails), mappingColumn=messages_KEY, insertable=true, updatable=true, unique=false}
14:56:05.933 [main] DEBUG org.hibernate.cfg.Ejb3Column - Binding column: Ejb3JoinColumn{logicalColumnName=&apos;messages_KEY&apos;, referencedColumn=&apos;null&apos;, mappedBy=&apos;null&apos;}
14:56:05.934 [main] DEBUG org.hibernate.cfg.Ejb3Column - Binding column: Ejb3JoinColumn{logicalColumnName=&apos;null&apos;, referencedColumn=&apos;null&apos;, mappedBy=&apos;userDetails&apos;}
14:56:05.934 [main] DEBUG org.hibernate.cfg.Ejb3Column - Binding column: Ejb3JoinColumn{logicalColumnName=&apos;null&apos;, referencedColumn=&apos;null&apos;, mappedBy=&apos;userDetails&apos;}
14:56:05.934 [main] DEBUG o.h.cfg.annotations.CollectionBinder - Collection role: com.yuan.hspot.Entity.UserDetails.messages
14:56:05.934 [main] DEBUG o.h.cfg.annotations.PropertyBinder - Building property messages
14:56:05.934 [main] DEBUG org.hibernate.cfg.Ejb3Column - Binding column: Ejb3Column{table=org.hibernate.mapping.Table(UserDetails), mappingColumn=password, insertable=true, updatable=true, unique=false}
14:56:05.934 [main] DEBUG o.h.cfg.annotations.PropertyBinder - MetadataSourceProcessor property password with lazy=false
14:56:05.934 [main] DEBUG o.h.cfg.AbstractPropertyHolder - Attempting to locate auto-apply AttributeConverter for property [com.yuan.hspot.Entity.UserDetails:password]
14:56:05.934 [main] DEBUG o.h.c.annotations.SimpleValueBinder - building SimpleValue for password
14:56:05.934 [main] DEBUG o.h.cfg.annotations.PropertyBinder - Building property password
14:56:05.934 [main] DEBUG org.hibernate.cfg.Ejb3Column - Binding column: Ejb3JoinColumn{logicalColumnName=&apos;null&apos;, referencedColumn=&apos;null&apos;, mappedBy=&apos;reviewGiver&apos;}
14:56:05.934 [main] DEBUG org.hibernate.cfg.Ejb3Column - Binding column: Ejb3Column{table=org.hibernate.mapping.Table(UserDetails), mappingColumn=reviewGiven, insertable=true, updatable=true, unique=false}
14:56:05.934 [main] DEBUG org.hibernate.cfg.Ejb3Column - Binding column: Ejb3Column{table=org.hibernate.mapping.Table(UserDetails), mappingColumn=null, insertable=true, updatable=true, unique=false}
14:56:05.935 [main] DEBUG org.hibernate.cfg.Ejb3Column - Binding column: Ejb3Column{table=org.hibernate.mapping.Table(UserDetails), mappingColumn=element, insertable=true, updatable=true, unique=false}
14:56:05.935 [main] DEBUG org.hibernate.cfg.Ejb3Column - Binding column: Ejb3Column{table=org.hibernate.mapping.Table(UserDetails), mappingColumn=reviewGiven_KEY, insertable=true, updatable=true, unique=false}
14:56:05.935 [main] DEBUG org.hibernate.cfg.Ejb3Column - Binding column: Ejb3JoinColumn{logicalColumnName=&apos;reviewGiven_KEY&apos;, referencedColumn=&apos;null&apos;, mappedBy=&apos;null&apos;}
14:56:05.935 [main] DEBUG org.hibernate.cfg.Ejb3Column - Binding column: Ejb3JoinColumn{logicalColumnName=&apos;null&apos;, referencedColumn=&apos;null&apos;, mappedBy=&apos;reviewGiver&apos;}
14:56:05.935 [main] DEBUG org.hibernate.cfg.Ejb3Column - Binding column: Ejb3JoinColumn{logicalColumnName=&apos;null&apos;, referencedColumn=&apos;null&apos;, mappedBy=&apos;reviewGiver&apos;}
14:56:05.935 [main] DEBUG o.h.cfg.annotations.CollectionBinder - Collection role: com.yuan.hspot.Entity.UserDetails.reviewGiven
14:56:05.935 [main] DEBUG o.h.cfg.annotations.PropertyBinder - Building property reviewGiven
14:56:05.935 [main] DEBUG org.hibernate.cfg.Ejb3Column - Binding column: Ejb3JoinColumn{logicalColumnName=&apos;null&apos;, referencedColumn=&apos;null&apos;, mappedBy=&apos;reviewReceiver&apos;}
14:56:05.935 [main] DEBUG org.hibernate.cfg.Ejb3Column - Binding column: Ejb3Column{table=org.hibernate.mapping.Table(UserDetails), mappingColumn=reviewReceived, insertable=true, updatable=true, unique=false}
14:56:05.936 [main] DEBUG org.hibernate.cfg.Ejb3Column - Binding column: Ejb3Column{table=org.hibernate.mapping.Table(UserDetails), mappingColumn=null, insertable=true, updatable=true, unique=false}
14:56:05.936 [main] DEBUG org.hibernate.cfg.Ejb3Column - Binding column: Ejb3Column{table=org.hibernate.mapping.Table(UserDetails), mappingColumn=element, insertable=true, updatable=true, unique=false}
14:56:05.936 [main] DEBUG org.hibernate.cfg.Ejb3Column - Binding column: Ejb3Column{table=org.hibernate.mapping.Table(UserDetails), mappingColumn=reviewReceived_KEY, insertable=true, updatable=true, unique=false}
14:56:05.936 [main] DEBUG org.hibernate.cfg.Ejb3Column - Binding column: Ejb3JoinColumn{logicalColumnName=&apos;reviewReceived_KEY&apos;, referencedColumn=&apos;null&apos;, mappedBy=&apos;null&apos;}
14:56:05.936 [main] DEBUG org.hibernate.cfg.Ejb3Column - Binding column: Ejb3JoinColumn{logicalColumnName=&apos;null&apos;, referencedColumn=&apos;null&apos;, mappedBy=&apos;reviewReceiver&apos;}
14:56:05.936 [main] DEBUG org.hibernate.cfg.Ejb3Column - Binding column: Ejb3JoinColumn{logicalColumnName=&apos;null&apos;, referencedColumn=&apos;null&apos;, mappedBy=&apos;reviewReceiver&apos;}
14:56:05.936 [main] DEBUG o.h.cfg.annotations.CollectionBinder - Collection role: com.yuan.hspot.Entity.UserDetails.reviewReceived
14:56:05.936 [main] DEBUG o.h.cfg.annotations.PropertyBinder - Building property reviewReceived
14:56:05.936 [main] DEBUG org.hibernate.cfg.Ejb3Column - Binding column: Ejb3Column{table=org.hibernate.mapping.Table(UserDetails), mappingColumn=role, insertable=true, updatable=true, unique=false}
14:56:05.936 [main] DEBUG o.h.cfg.annotations.PropertyBinder - MetadataSourceProcessor property role with lazy=false
14:56:05.936 [main] DEBUG o.h.cfg.AbstractPropertyHolder - Attempting to locate auto-apply AttributeConverter for property [com.yuan.hspot.Entity.UserDetails:role]
14:56:05.936 [main] DEBUG o.h.c.annotations.SimpleValueBinder - building SimpleValue for role
14:56:05.936 [main] DEBUG o.h.cfg.annotations.PropertyBinder - Building property role
14:56:05.937 [main] DEBUG org.hibernate.cfg.Ejb3Column - Binding column: Ejb3JoinColumn{logicalColumnName=&apos;null&apos;, referencedColumn=&apos;null&apos;, mappedBy=&apos;&apos;}
14:56:05.937 [main] DEBUG org.hibernate.cfg.Ejb3Column - Binding column: Ejb3Column{table=org.hibernate.mapping.Table(UserDetails), mappingColumn=skills, insertable=true, updatable=true, unique=false}
14:56:05.937 [main] DEBUG org.hibernate.cfg.Ejb3Column - Binding column: Ejb3Column{table=org.hibernate.mapping.Table(UserDetails), mappingColumn=null, insertable=true, updatable=true, unique=false}
14:56:05.937 [main] DEBUG org.hibernate.cfg.Ejb3Column - Binding column: Ejb3Column{table=org.hibernate.mapping.Table(UserDetails), mappingColumn=skills, insertable=true, updatable=true, unique=false}
14:56:05.937 [main] DEBUG org.hibernate.cfg.Ejb3Column - Binding column: Ejb3Column{table=org.hibernate.mapping.Table(UserDetails), mappingColumn=skills_KEY, insertable=true, updatable=true, unique=false}
14:56:05.937 [main] DEBUG org.hibernate.cfg.Ejb3Column - Binding column: Ejb3JoinColumn{logicalColumnName=&apos;skills_KEY&apos;, referencedColumn=&apos;null&apos;, mappedBy=&apos;null&apos;}
14:56:05.937 [main] DEBUG org.hibernate.cfg.Ejb3Column - Binding column: Ejb3JoinColumn{logicalColumnName=&apos;null&apos;, referencedColumn=&apos;null&apos;, mappedBy=&apos;&apos;}
14:56:05.937 [main] DEBUG org.hibernate.cfg.Ejb3Column - Binding column: Ejb3JoinColumn{logicalColumnName=&apos;null&apos;, referencedColumn=&apos;null&apos;, mappedBy=&apos;&apos;}
14:56:05.937 [main] DEBUG o.h.cfg.annotations.CollectionBinder - Collection role: com.yuan.hspot.Entity.UserDetails.skills
14:56:05.937 [main] DEBUG o.h.cfg.annotations.PropertyBinder - Building property skills
14:56:05.937 [main] DEBUG org.hibernate.cfg.Ejb3Column - Binding column: Ejb3JoinColumn{logicalColumnName=&apos;null&apos;, referencedColumn=&apos;null&apos;, mappedBy=&apos;userOne&apos;}
14:56:05.937 [main] DEBUG org.hibernate.cfg.Ejb3Column - Binding column: Ejb3Column{table=org.hibernate.mapping.Table(UserDetails), mappingColumn=userOneConversations, insertable=true, updatable=true, unique=false}
14:56:05.938 [main] DEBUG org.hibernate.cfg.Ejb3Column - Binding column: Ejb3Column{table=org.hibernate.mapping.Table(UserDetails), mappingColumn=null, insertable=true, updatable=true, unique=false}
14:56:05.938 [main] DEBUG org.hibernate.cfg.Ejb3Column - Binding column: Ejb3Column{table=org.hibernate.mapping.Table(UserDetails), mappingColumn=element, insertable=true, updatable=true, unique=false}
14:56:05.938 [main] DEBUG org.hibernate.cfg.Ejb3Column - Binding column: Ejb3Column{table=org.hibernate.mapping.Table(UserDetails), mappingColumn=userOneConversations_KEY, insertable=true, updatable=true, unique=false}
14:56:05.938 [main] DEBUG org.hibernate.cfg.Ejb3Column - Binding column: Ejb3JoinColumn{logicalColumnName=&apos;userOneConversations_KEY&apos;, referencedColumn=&apos;null&apos;, mappedBy=&apos;null&apos;}
14:56:05.938 [main] DEBUG org.hibernate.cfg.Ejb3Column - Binding column: Ejb3JoinColumn{logicalColumnName=&apos;null&apos;, referencedColumn=&apos;null&apos;, mappedBy=&apos;userOne&apos;}
14:56:05.938 [main] DEBUG org.hibernate.cfg.Ejb3Column - Binding column: Ejb3JoinColumn{logicalColumnName=&apos;null&apos;, referencedColumn=&apos;null&apos;, mappedBy=&apos;userOne&apos;}
14:56:05.938 [main] DEBUG o.h.cfg.annotations.CollectionBinder - Collection role: com.yuan.hspot.Entity.UserDetails.userOneConversations
14:56:05.938 [main] DEBUG o.h.cfg.annotations.PropertyBinder - Building property userOneConversations
14:56:05.938 [main] DEBUG org.hibernate.cfg.Ejb3Column - Binding column: Ejb3JoinColumn{logicalColumnName=&apos;null&apos;, referencedColumn=&apos;null&apos;, mappedBy=&apos;userTwo&apos;}
14:56:05.938 [main] DEBUG org.hibernate.cfg.Ejb3Column - Binding column: Ejb3Column{table=org.hibernate.mapping.Table(UserDetails), mappingColumn=userTwoConversations, insertable=true, updatable=true, unique=false}
14:56:05.938 [main] DEBUG org.hibernate.cfg.Ejb3Column - Binding column: Ejb3Column{table=org.hibernate.mapping.Table(UserDetails), mappingColumn=null, insertable=true, updatable=true, unique=false}
14:56:05.939 [main] DEBUG org.hibernate.cfg.Ejb3Column - Binding column: Ejb3Column{table=org.hibernate.mapping.Table(UserDetails), mappingColumn=element, insertable=true, updatable=true, unique=false}
14:56:05.939 [main] DEBUG org.hibernate.cfg.Ejb3Column - Binding column: Ejb3Column{table=org.hibernate.mapping.Table(UserDetails), mappingColumn=userTwoConversations_KEY, insertable=true, updatable=true, unique=false}
14:56:05.939 [main] DEBUG org.hibernate.cfg.Ejb3Column - Binding column: Ejb3JoinColumn{logicalColumnName=&apos;userTwoConversations_KEY&apos;, referencedColumn=&apos;null&apos;, mappedBy=&apos;null&apos;}
14:56:05.939 [main] DEBUG org.hibernate.cfg.Ejb3Column - Binding column: Ejb3JoinColumn{logicalColumnName=&apos;null&apos;, referencedColumn=&apos;null&apos;, mappedBy=&apos;userTwo&apos;}
14:56:05.939 [main] DEBUG org.hibernate.cfg.Ejb3Column - Binding column: Ejb3JoinColumn{logicalColumnName=&apos;null&apos;, referencedColumn=&apos;null&apos;, mappedBy=&apos;userTwo&apos;}
14:56:05.939 [main] DEBUG o.h.cfg.annotations.CollectionBinder - Collection role: com.yuan.hspot.Entity.UserDetails.userTwoConversations
14:56:05.939 [main] DEBUG o.h.cfg.annotations.PropertyBinder - Building property userTwoConversations
14:56:05.939 [main] DEBUG org.hibernate.cfg.AnnotationBinder - Binding entity from annotated class: com.yuan.hspot.Entity.Message
14:56:05.939 [main] DEBUG o.h.cfg.annotations.QueryBinder - Binding named query: Message.findAll =&gt; from Message
14:56:05.939 [main] DEBUG org.hibernate.cfg.Ejb3Column - Binding column: Ejb3DiscriminatorColumn{logicalColumnName&apos;DTYPE&apos;, discriminatorTypeName=&apos;string&apos;}
14:56:05.939 [main] DEBUG org.hibernate.cfg.AnnotationBinder - No value specified for &apos;javax.persistence.sharedCache.mode&apos;; using UNSPECIFIED
14:56:05.939 [main] DEBUG o.h.cfg.annotations.EntityBinder - Import with entity name Message
14:56:05.939 [main] DEBUG o.h.cfg.annotations.EntityBinder - Bind entity com.yuan.hspot.Entity.Message on table Message
14:56:05.940 [main] DEBUG org.hibernate.cfg.Ejb3Column - Binding column: Ejb3Column{table=org.hibernate.mapping.Table(Message), mappingColumn=messageID, insertable=true, updatable=true, unique=false}
14:56:05.940 [main] DEBUG o.h.cfg.annotations.PropertyBinder - MetadataSourceProcessor property messageID with lazy=false
14:56:05.941 [main] DEBUG o.h.cfg.AbstractPropertyHolder - Attempting to locate auto-apply AttributeConverter for property [com.yuan.hspot.Entity.Message:messageID]
14:56:05.941 [main] DEBUG o.h.c.annotations.SimpleValueBinder - building SimpleValue for messageID
14:56:05.941 [main] DEBUG o.h.cfg.annotations.PropertyBinder - Building property messageID
14:56:05.941 [main] DEBUG org.hibernate.cfg.Ejb3Column - Binding column: Ejb3JoinColumn{logicalColumnName=&apos;null&apos;, referencedColumn=&apos;null&apos;, mappedBy=&apos;null&apos;}
14:56:05.941 [main] DEBUG org.hibernate.cfg.Ejb3Column - Binding column: Ejb3Column{table=org.hibernate.mapping.Table(Message), mappingColumn=conversation, insertable=true, updatable=true, unique=false}
14:56:05.941 [main] DEBUG o.h.cfg.annotations.PropertyBinder - Building property conversation
14:56:05.941 [main] DEBUG org.hibernate.cfg.Ejb3Column - Binding column: Ejb3Column{table=org.hibernate.mapping.Table(Message), mappingColumn=created, insertable=true, updatable=true, unique=false}
14:56:05.941 [main] DEBUG o.h.cfg.annotations.PropertyBinder - MetadataSourceProcessor property created with lazy=false
14:56:05.941 [main] DEBUG o.h.cfg.AbstractPropertyHolder - Attempting to locate auto-apply AttributeConverter for property [com.yuan.hspot.Entity.Message:created]
14:56:05.941 [main] DEBUG o.h.c.annotations.SimpleValueBinder - building SimpleValue for created
14:56:05.942 [main] DEBUG o.h.cfg.annotations.PropertyBinder - Building property created
14:56:05.942 [main] DEBUG org.hibernate.cfg.Ejb3Column - Binding column: Ejb3Column{table=org.hibernate.mapping.Table(Message), mappingColumn=messageContent, insertable=true, updatable=true, unique=false}
14:56:05.942 [main] DEBUG o.h.cfg.annotations.PropertyBinder - MetadataSourceProcessor property messageContent with lazy=false
14:56:05.942 [main] DEBUG o.h.cfg.AbstractPropertyHolder - Attempting to locate auto-apply AttributeConverter for property [com.yuan.hspot.Entity.Message:messageContent]
14:56:05.942 [main] DEBUG o.h.c.annotations.SimpleValueBinder - building SimpleValue for messageContent
14:56:05.942 [main] DEBUG o.h.cfg.annotations.PropertyBinder - Building property messageContent
14:56:05.942 [main] DEBUG org.hibernate.cfg.Ejb3Column - Binding column: Ejb3JoinColumn{logicalColumnName=&apos;null&apos;, referencedColumn=&apos;null&apos;, mappedBy=&apos;null&apos;}
14:56:05.942 [main] DEBUG org.hibernate.cfg.Ejb3Column - Binding column: Ejb3Column{table=org.hibernate.mapping.Table(Message), mappingColumn=userDetails, insertable=true, updatable=true, unique=false}
14:56:05.942 [main] DEBUG o.h.cfg.annotations.PropertyBinder - Building property userDetails
14:56:05.942 [main] DEBUG org.hibernate.cfg.AnnotationBinder - Binding entity from annotated class: com.yuan.hspot.Entity.Review
14:56:05.943 [main] DEBUG o.h.cfg.annotations.QueryBinder - Binding named query: Review.findAll =&gt; from Review
14:56:05.943 [main] DEBUG org.hibernate.cfg.Ejb3Column - Binding column: Ejb3DiscriminatorColumn{logicalColumnName&apos;DTYPE&apos;, discriminatorTypeName=&apos;string&apos;}
14:56:05.943 [main] DEBUG org.hibernate.cfg.AnnotationBinder - No value specified for &apos;javax.persistence.sharedCache.mode&apos;; using UNSPECIFIED
14:56:05.943 [main] DEBUG o.h.cfg.annotations.EntityBinder - Import with entity name Review
14:56:05.943 [main] DEBUG o.h.cfg.annotations.EntityBinder - Bind entity com.yuan.hspot.Entity.Review on table Review
14:56:05.943 [main] DEBUG org.hibernate.cfg.Ejb3Column - Binding column: Ejb3Column{table=org.hibernate.mapping.Table(Review), mappingColumn=reviewID, insertable=true, updatable=true, unique=false}
14:56:05.944 [main] DEBUG o.h.cfg.annotations.PropertyBinder - MetadataSourceProcessor property reviewID with lazy=false
14:56:05.944 [main] DEBUG o.h.cfg.AbstractPropertyHolder - Attempting to locate auto-apply AttributeConverter for property [com.yuan.hspot.Entity.Review:reviewID]
14:56:05.944 [main] DEBUG o.h.c.annotations.SimpleValueBinder - building SimpleValue for reviewID
14:56:05.944 [main] DEBUG o.h.cfg.annotations.PropertyBinder - Building property reviewID
14:56:05.944 [main] DEBUG org.hibernate.cfg.Ejb3Column - Binding column: Ejb3Column{table=org.hibernate.mapping.Table(Review), mappingColumn=reviewContent, insertable=true, updatable=true, unique=false}
14:56:05.944 [main] DEBUG o.h.cfg.annotations.PropertyBinder - MetadataSourceProcessor property reviewContent with lazy=false
14:56:05.944 [main] DEBUG o.h.cfg.AbstractPropertyHolder - Attempting to locate auto-apply AttributeConverter for property [com.yuan.hspot.Entity.Review:reviewContent]
14:56:05.944 [main] DEBUG o.h.c.annotations.SimpleValueBinder - building SimpleValue for reviewContent
14:56:05.944 [main] DEBUG o.h.cfg.annotations.PropertyBinder - Building property reviewContent
14:56:05.944 [main] DEBUG org.hibernate.cfg.Ejb3Column - Binding column: Ejb3JoinColumn{logicalColumnName=&apos;null&apos;, referencedColumn=&apos;null&apos;, mappedBy=&apos;null&apos;}
14:56:05.944 [main] DEBUG org.hibernate.cfg.Ejb3Column - Binding column: Ejb3Column{table=org.hibernate.mapping.Table(Review), mappingColumn=reviewGiver, insertable=true, updatable=true, unique=false}
14:56:05.945 [main] DEBUG o.h.cfg.annotations.PropertyBinder - Building property reviewGiver
14:56:05.945 [main] DEBUG org.hibernate.cfg.Ejb3Column - Binding column: Ejb3JoinColumn{logicalColumnName=&apos;null&apos;, referencedColumn=&apos;null&apos;, mappedBy=&apos;null&apos;}
14:56:05.945 [main] DEBUG org.hibernate.cfg.Ejb3Column - Binding column: Ejb3Column{table=org.hibernate.mapping.Table(Review), mappingColumn=reviewReceiver, insertable=true, updatable=true, unique=false}
14:56:05.945 [main] DEBUG o.h.cfg.annotations.PropertyBinder - Building property reviewReceiver
14:56:05.945 [main] DEBUG org.hibernate.cfg.Ejb3Column - Binding column: Ejb3Column{table=org.hibernate.mapping.Table(Review), mappingColumn=star, insertable=true, updatable=true, unique=false}
14:56:05.945 [main] DEBUG o.h.cfg.annotations.PropertyBinder - MetadataSourceProcessor property star with lazy=false
14:56:05.945 [main] DEBUG o.h.cfg.AbstractPropertyHolder - Attempting to locate auto-apply AttributeConverter for property [com.yuan.hspot.Entity.Review:star]
14:56:05.945 [main] DEBUG o.h.c.annotations.SimpleValueBinder - building SimpleValue for star
14:56:05.945 [main] DEBUG o.h.cfg.annotations.PropertyBinder - Building property star
14:56:05.946 [main] DEBUG org.hibernate.cfg.AnnotationBinder - Binding entity from annotated class: com.yuan.hspot.Entity.Conversation
14:56:05.946 [main] DEBUG o.h.cfg.annotations.QueryBinder - Binding named query: Conversation.findAll =&gt; from Conversation
14:56:05.946 [main] DEBUG org.hibernate.cfg.Ejb3Column - Binding column: Ejb3DiscriminatorColumn{logicalColumnName&apos;DTYPE&apos;, discriminatorTypeName=&apos;string&apos;}
14:56:05.946 [main] DEBUG org.hibernate.cfg.AnnotationBinder - No value specified for &apos;javax.persistence.sharedCache.mode&apos;; using UNSPECIFIED
14:56:05.946 [main] DEBUG o.h.cfg.annotations.EntityBinder - Import with entity name Conversation
14:56:05.946 [main] DEBUG o.h.cfg.annotations.EntityBinder - Bind entity com.yuan.hspot.Entity.Conversation on table Conversation
14:56:05.947 [main] DEBUG org.hibernate.cfg.Ejb3Column - Binding column: Ejb3Column{table=org.hibernate.mapping.Table(Conversation), mappingColumn=conversationID, insertable=true, updatable=true, unique=false}
14:56:05.947 [main] DEBUG o.h.cfg.annotations.PropertyBinder - MetadataSourceProcessor property conversationID with lazy=false
14:56:05.947 [main] DEBUG o.h.cfg.AbstractPropertyHolder - Attempting to locate auto-apply AttributeConverter for property [com.yuan.hspot.Entity.Conversation:conversationID]
14:56:05.947 [main] DEBUG o.h.c.annotations.SimpleValueBinder - building SimpleValue for conversationID
14:56:05.947 [main] DEBUG o.h.cfg.annotations.PropertyBinder - Building property conversationID
14:56:05.948 [main] DEBUG org.hibernate.cfg.Ejb3Column - Binding column: Ejb3JoinColumn{logicalColumnName=&apos;null&apos;, referencedColumn=&apos;null&apos;, mappedBy=&apos;conversation&apos;}
14:56:05.948 [main] DEBUG org.hibernate.cfg.Ejb3Column - Binding column: Ejb3Column{table=org.hibernate.mapping.Table(Conversation), mappingColumn=messages, insertable=true, updatable=true, unique=false}
14:56:05.948 [main] DEBUG org.hibernate.cfg.Ejb3Column - Binding column: Ejb3Column{table=org.hibernate.mapping.Table(Conversation), mappingColumn=null, insertable=true, updatable=true, unique=false}
14:56:05.948 [main] DEBUG org.hibernate.cfg.Ejb3Column - Binding column: Ejb3Column{table=org.hibernate.mapping.Table(Conversation), mappingColumn=element, insertable=true, updatable=true, unique=false}
14:56:05.948 [main] DEBUG org.hibernate.cfg.Ejb3Column - Binding column: Ejb3Column{table=org.hibernate.mapping.Table(Conversation), mappingColumn=messages_KEY, insertable=true, updatable=true, unique=false}
14:56:05.948 [main] DEBUG org.hibernate.cfg.Ejb3Column - Binding column: Ejb3JoinColumn{logicalColumnName=&apos;messages_KEY&apos;, referencedColumn=&apos;null&apos;, mappedBy=&apos;null&apos;}
14:56:05.948 [main] DEBUG org.hibernate.cfg.Ejb3Column - Binding column: Ejb3JoinColumn{logicalColumnName=&apos;null&apos;, referencedColumn=&apos;null&apos;, mappedBy=&apos;conversation&apos;}
14:56:05.948 [main] DEBUG org.hibernate.cfg.Ejb3Column - Binding column: Ejb3JoinColumn{logicalColumnName=&apos;null&apos;, referencedColumn=&apos;null&apos;, mappedBy=&apos;conversation&apos;}
14:56:05.948 [main] DEBUG o.h.cfg.annotations.CollectionBinder - Collection role: com.yuan.hspot.Entity.Conversation.messages
14:56:05.949 [main] DEBUG o.h.cfg.annotations.PropertyBinder - Building property messages
14:56:05.949 [main] DEBUG org.hibernate.cfg.Ejb3Column - Binding column: Ejb3JoinColumn{logicalColumnName=&apos;null&apos;, referencedColumn=&apos;null&apos;, mappedBy=&apos;null&apos;}
14:56:05.949 [main] DEBUG org.hibernate.cfg.Ejb3Column - Binding column: Ejb3Column{table=org.hibernate.mapping.Table(Conversation), mappingColumn=userOne, insertable=true, updatable=true, unique=false}
14:56:05.949 [main] DEBUG o.h.cfg.annotations.PropertyBinder - Building property userOne
14:56:05.949 [main] DEBUG org.hibernate.cfg.Ejb3Column - Binding column: Ejb3JoinColumn{logicalColumnName=&apos;null&apos;, referencedColumn=&apos;null&apos;, mappedBy=&apos;null&apos;}
14:56:05.949 [main] DEBUG org.hibernate.cfg.Ejb3Column - Binding column: Ejb3Column{table=org.hibernate.mapping.Table(Conversation), mappingColumn=userTwo, insertable=true, updatable=true, unique=false}
14:56:05.949 [main] DEBUG o.h.cfg.annotations.PropertyBinder - Building property userTwo
14:56:05.949 [main] DEBUG o.h.c.annotations.SimpleValueBinder - Starting fillSimpleValue for userID
14:56:05.949 [main] DEBUG o.h.c.annotations.SimpleValueBinder - Starting fillSimpleValue for email
14:56:05.949 [main] DEBUG o.h.c.annotations.SimpleValueBinder - Starting fillSimpleValue for firstName
14:56:05.949 [main] DEBUG o.h.c.annotations.SimpleValueBinder - Starting fillSimpleValue for lastName
14:56:05.949 [main] DEBUG o.h.c.annotations.SimpleValueBinder - Starting fillSimpleValue for password
14:56:05.949 [main] DEBUG o.h.c.annotations.SimpleValueBinder - Starting fillSimpleValue for role
14:56:05.950 [main] DEBUG o.h.c.annotations.SimpleValueBinder - Starting fillSimpleValue for messageID
14:56:05.950 [main] DEBUG o.h.c.annotations.SimpleValueBinder - Starting fillSimpleValue for created
14:56:05.950 [main] DEBUG o.h.c.annotations.SimpleValueBinder - Starting fillSimpleValue for messageContent
14:56:05.950 [main] DEBUG o.h.c.annotations.SimpleValueBinder - Starting fillSimpleValue for reviewID
14:56:05.950 [main] DEBUG o.h.c.annotations.SimpleValueBinder - Starting fillSimpleValue for reviewContent
14:56:05.950 [main] DEBUG o.h.c.annotations.SimpleValueBinder - Starting fillSimpleValue for star
14:56:05.950 [main] DEBUG o.h.c.annotations.SimpleValueBinder - Starting fillSimpleValue for conversationID
14:56:05.950 [main] DEBUG org.hibernate.cfg.Configuration - Processing fk mappings (*ToOne and JoinedSubclass)
14:56:05.952 [main] DEBUG org.hibernate.cfg.Configuration - Processing extends queue
14:56:05.952 [main] DEBUG org.hibernate.cfg.Configuration - Processing extends queue
14:56:05.952 [main] DEBUG org.hibernate.cfg.Configuration - Processing collection mappings
14:56:05.952 [main] DEBUG o.hibernate.cfg.CollectionSecondPass - Second pass for collection: com.yuan.hspot.Entity.UserDetails.skills
14:56:05.952 [main] DEBUG o.h.cfg.annotations.CollectionBinder - Binding a collection of element: com.yuan.hspot.Entity.UserDetails.skills
14:56:05.952 [main] DEBUG o.h.cfg.CollectionPropertyHolder - Attempting to locate auto-apply AttributeConverter for collection element [com.yuan.hspot.Entity.UserDetails.skills]
14:56:05.952 [main] DEBUG o.h.c.annotations.SimpleValueBinder - building SimpleValue for null
14:56:05.952 [main] DEBUG o.h.c.annotations.SimpleValueBinder - Starting fillSimpleValue for null
14:56:05.952 [main] DEBUG o.hibernate.cfg.CollectionSecondPass - Mapped collection key: UserDetails_userID, element: skills
14:56:05.952 [main] DEBUG o.hibernate.cfg.CollectionSecondPass - Second pass for collection: com.yuan.hspot.Entity.UserDetails.messages
14:56:05.953 [main] DEBUG o.h.cfg.annotations.CollectionBinder - Binding a OneToMany: com.yuan.hspot.Entity.UserDetails.messages through a foreign key
14:56:05.953 [main] DEBUG o.h.cfg.annotations.CollectionBinder - Mapping collection: com.yuan.hspot.Entity.UserDetails.messages -&gt; Message
14:56:05.953 [main] DEBUG o.h.cfg.annotations.TableBinder - Retrieving property com.yuan.hspot.Entity.Message.userDetails
14:56:05.953 [main] DEBUG o.hibernate.cfg.CollectionSecondPass - Mapped collection key: userDetails_userID, one-to-many: com.yuan.hspot.Entity.Message
14:56:05.953 [main] DEBUG o.hibernate.cfg.CollectionSecondPass - Second pass for collection: com.yuan.hspot.Entity.UserDetails.reviewGiven
14:56:05.953 [main] DEBUG o.h.cfg.annotations.CollectionBinder - Binding a OneToMany: com.yuan.hspot.Entity.UserDetails.reviewGiven through a foreign key
14:56:05.953 [main] DEBUG o.h.cfg.annotations.CollectionBinder - Mapping collection: com.yuan.hspot.Entity.UserDetails.reviewGiven -&gt; Review
14:56:05.953 [main] DEBUG o.h.cfg.annotations.TableBinder - Retrieving property com.yuan.hspot.Entity.Review.reviewGiver
14:56:05.953 [main] DEBUG o.hibernate.cfg.CollectionSecondPass - Mapped collection key: reviewGiver_userID, one-to-many: com.yuan.hspot.Entity.Review
14:56:05.953 [main] DEBUG o.hibernate.cfg.CollectionSecondPass - Second pass for collection: com.yuan.hspot.Entity.UserDetails.reviewReceived
14:56:05.953 [main] DEBUG o.h.cfg.annotations.CollectionBinder - Binding a OneToMany: com.yuan.hspot.Entity.UserDetails.reviewReceived through a foreign key
14:56:05.953 [main] DEBUG o.h.cfg.annotations.CollectionBinder - Mapping collection: com.yuan.hspot.Entity.UserDetails.reviewReceived -&gt; Review
14:56:05.953 [main] DEBUG o.h.cfg.annotations.TableBinder - Retrieving property com.yuan.hspot.Entity.Review.reviewReceiver
14:56:05.953 [main] DEBUG o.hibernate.cfg.CollectionSecondPass - Mapped collection key: reviewReceiver_userID, one-to-many: com.yuan.hspot.Entity.Review
14:56:05.953 [main] DEBUG o.hibernate.cfg.CollectionSecondPass - Second pass for collection: com.yuan.hspot.Entity.UserDetails.userOneConversations
14:56:05.953 [main] DEBUG o.h.cfg.annotations.CollectionBinder - Binding a OneToMany: com.yuan.hspot.Entity.UserDetails.userOneConversations through a foreign key
14:56:05.953 [main] DEBUG o.h.cfg.annotations.CollectionBinder - Mapping collection: com.yuan.hspot.Entity.UserDetails.userOneConversations -&gt; Conversation
14:56:05.953 [main] DEBUG o.h.cfg.annotations.TableBinder - Retrieving property com.yuan.hspot.Entity.Conversation.userOne
14:56:05.953 [main] DEBUG o.hibernate.cfg.CollectionSecondPass - Mapped collection key: userOne_userID, one-to-many: com.yuan.hspot.Entity.Conversation
14:56:05.953 [main] DEBUG o.hibernate.cfg.CollectionSecondPass - Second pass for collection: com.yuan.hspot.Entity.UserDetails.userTwoConversations
14:56:05.953 [main] DEBUG o.h.cfg.annotations.CollectionBinder - Binding a OneToMany: com.yuan.hspot.Entity.UserDetails.userTwoConversations through a foreign key
14:56:05.953 [main] DEBUG o.h.cfg.annotations.CollectionBinder - Mapping collection: com.yuan.hspot.Entity.UserDetails.userTwoConversations -&gt; Conversation
14:56:05.953 [main] DEBUG o.h.cfg.annotations.TableBinder - Retrieving property com.yuan.hspot.Entity.Conversation.userTwo
14:56:05.953 [main] DEBUG o.hibernate.cfg.CollectionSecondPass - Mapped collection key: userTwo_userID, one-to-many: com.yuan.hspot.Entity.Conversation
14:56:05.953 [main] DEBUG o.hibernate.cfg.CollectionSecondPass - Second pass for collection: com.yuan.hspot.Entity.Conversation.messages
14:56:05.953 [main] DEBUG o.h.cfg.annotations.CollectionBinder - Binding a OneToMany: com.yuan.hspot.Entity.Conversation.messages through a foreign key
14:56:05.953 [main] DEBUG o.h.cfg.annotations.CollectionBinder - Mapping collection: com.yuan.hspot.Entity.Conversation.messages -&gt; Message
14:56:05.954 [main] DEBUG o.h.cfg.annotations.TableBinder - Retrieving property com.yuan.hspot.Entity.Message.conversation
14:56:05.954 [main] DEBUG o.hibernate.cfg.CollectionSecondPass - Mapped collection key: conversation_conversationID, one-to-many: com.yuan.hspot.Entity.Message
14:56:05.954 [main] DEBUG org.hibernate.cfg.Configuration - Processing native query and ResultSetMapping mappings
14:56:05.954 [main] DEBUG org.hibernate.cfg.Configuration - Processing association property references
14:56:05.954 [main] DEBUG org.hibernate.cfg.Configuration - Creating tables&apos; unique integer identifiers
14:56:05.954 [main] DEBUG org.hibernate.cfg.Configuration - Processing foreign key constraints
14:56:05.954 [main] DEBUG org.hibernate.cfg.Configuration - Resolving reference to class: com.yuan.hspot.Entity.UserDetails
14:56:05.954 [main] DEBUG org.hibernate.cfg.Configuration - Resolving reference to class: com.yuan.hspot.Entity.UserDetails
14:56:05.954 [main] DEBUG org.hibernate.cfg.Configuration - Resolving reference to class: com.yuan.hspot.Entity.Conversation
14:56:05.954 [main] DEBUG org.hibernate.cfg.Configuration - Resolving reference to class: com.yuan.hspot.Entity.UserDetails
14:56:05.954 [main] DEBUG org.hibernate.cfg.Configuration - Resolving reference to class: com.yuan.hspot.Entity.UserDetails
14:56:05.954 [main] DEBUG org.hibernate.cfg.Configuration - Resolving reference to class: com.yuan.hspot.Entity.UserDetails
14:56:05.954 [main] DEBUG org.hibernate.cfg.Configuration - Resolving reference to class: com.yuan.hspot.Entity.UserDetails
14:56:05.954 [main] DEBUG o.h.e.t.j.p.i.JtaPlatformInitiator - No JtaPlatform was specified, checking resolver
14:56:05.955 [main] DEBUG o.h.e.t.j.p.i.JtaPlatformResolverInitiator - No JtaPlatformResolver was specified, using default [org.hibernate.engine.transaction.jta.platform.internal.StandardJtaPlatformResolver]
14:56:05.956 [main] DEBUG o.h.e.t.j.p.i.StandardJtaPlatformResolver - Could not resolve JtaPlatform, using default [org.hibernate.engine.transaction.jta.platform.internal.NoJtaPlatform]
14:56:05.957 [main] DEBUG org.hibernate.cfg.SettingsFactory - Automatic flush during beforeCompletion(): disabled
14:56:05.957 [main] DEBUG org.hibernate.cfg.SettingsFactory - Automatic session close at end of transaction: disabled
14:56:05.957 [main] DEBUG org.hibernate.cfg.SettingsFactory - JDBC batch size: 15
14:56:05.957 [main] DEBUG org.hibernate.cfg.SettingsFactory - JDBC batch updates for versioned data: disabled
14:56:05.957 [main] DEBUG org.hibernate.cfg.SettingsFactory - Scrollable result sets: enabled
14:56:05.957 [main] DEBUG org.hibernate.cfg.SettingsFactory - Wrap result sets: disabled
14:56:05.957 [main] DEBUG org.hibernate.cfg.SettingsFactory - JDBC3 getGeneratedKeys(): enabled
14:56:05.957 [main] DEBUG org.hibernate.cfg.SettingsFactory - multi-tenancy strategy : NONE
14:56:05.957 [main] DEBUG org.hibernate.cfg.SettingsFactory - Connection release mode: auto
14:56:05.957 [main] INFO  o.h.e.t.i.TransactionFactoryInitiator - HHH000399: Using default transaction strategy (direct JDBC transactions)
14:56:05.957 [main] DEBUG org.hibernate.cfg.SettingsFactory - Using BatchFetchStyle : LEGACY
14:56:05.957 [main] DEBUG org.hibernate.cfg.SettingsFactory - Default batch fetch size: 1
14:56:05.957 [main] DEBUG org.hibernate.cfg.SettingsFactory - Generate SQL with comments: disabled
14:56:05.957 [main] DEBUG org.hibernate.cfg.SettingsFactory - Order SQL updates by primary key: disabled
14:56:05.957 [main] DEBUG org.hibernate.cfg.SettingsFactory - Order SQL inserts for batching: disabled
14:56:05.957 [main] DEBUG org.hibernate.cfg.SettingsFactory - Default null ordering: none
14:56:05.957 [main] DEBUG org.hibernate.cfg.SettingsFactory - Query translator: org.hibernate.hql.internal.ast.ASTQueryTranslatorFactory
14:56:05.957 [main] INFO  o.h.h.i.a.ASTQueryTranslatorFactory - HHH000397: Using ASTQueryTranslatorFactory
14:56:05.957 [main] DEBUG org.hibernate.cfg.SettingsFactory - Query language substitutions: {}
14:56:05.957 [main] DEBUG org.hibernate.cfg.SettingsFactory - JPA-QL strict compliance: disabled
14:56:05.957 [main] DEBUG org.hibernate.cfg.SettingsFactory - Second-level cache: enabled
14:56:05.957 [main] DEBUG org.hibernate.cfg.SettingsFactory - Query cache: disabled
14:56:05.958 [main] DEBUG o.h.c.i.RegionFactoryInitiator - Cache region factory : org.hibernate.cache.internal.NoCachingRegionFactory
14:56:05.958 [main] DEBUG org.hibernate.cfg.SettingsFactory - Optimize cache for minimal puts: disabled
14:56:05.958 [main] DEBUG org.hibernate.cfg.SettingsFactory - Structured second-level cache entries: disabled
14:56:05.958 [main] DEBUG org.hibernate.cfg.SettingsFactory - Second-level cache direct-reference entries: disabled
14:56:05.958 [main] DEBUG org.hibernate.cfg.SettingsFactory - Automatic eviction of collection cache: disabled
14:56:05.958 [main] DEBUG org.hibernate.cfg.SettingsFactory - Statistics: disabled
14:56:05.958 [main] DEBUG org.hibernate.cfg.SettingsFactory - Deleted entity synthetic identifier rollback: disabled
14:56:05.958 [main] DEBUG org.hibernate.cfg.SettingsFactory - Default entity-mode: pojo
14:56:05.958 [main] DEBUG org.hibernate.cfg.SettingsFactory - Named query checking : enabled
14:56:05.958 [main] DEBUG org.hibernate.cfg.SettingsFactory - Check Nullability in Core (should be disabled when Bean Validation is on): enabled
14:56:05.958 [main] DEBUG org.hibernate.cfg.SettingsFactory - Allow initialization of lazy state outside session : : disabled
14:56:05.958 [main] DEBUG org.hibernate.cfg.SettingsFactory - JTA Track by Thread: enabled
14:56:05.958 [main] DEBUG o.h.internal.SessionFactoryImpl - Building session factory
14:56:05.959 [main] DEBUG o.h.internal.SessionFactoryImpl - Session factory constructed with filter configurations : {}
14:56:05.959 [main] DEBUG o.h.internal.SessionFactoryImpl - Instantiating session factory with properties: {java.runtime.name=Java(TM) SE Runtime Environment, hibernate.connection.password=1234, sun.boot.library.path=/Library/Java/JavaVirtualMachines/jdk1.8.0_60.jdk/Contents/Home/jre/lib, java.vm.version=25.60-b23, hibernate.connection.username=postgres, user.country.format=CA, gopherProxySet=false, java.vm.vendor=Oracle Corporation, java.vendor.url=http://java.oracle.com/, path.separator=:, java.vm.name=Java HotSpot(TM) 64-Bit Server VM, file.encoding.pkg=sun.io, user.country=US, sun.java.launcher=SUN_STANDARD, sun.os.patch.level=unknown, java.vm.specification.name=Java Virtual Machine Specification, user.dir=/Users/yuanxue/Documents/workspace-sts-3.7.0.RELEASE/yuan-hspot, java.runtime.version=1.8.0_60-b27, java.awt.graphicsenv=sun.awt.CGraphicsEnvironment, basedir=/Users/yuanxue/Documents/workspace-sts-3.7.0.RELEASE/yuan-hspot, hibernate.current_session_context_class=thread, java.endorsed.dirs=/Library/Java/JavaVirtualMachines/jdk1.8.0_60.jdk/Contents/Home/jre/lib/endorsed, os.arch=x86_64, surefire.real.class.path=/Users/yuanxue/Documents/workspace-sts-3.7.0.RELEASE/yuan-hspot/target/surefire/surefirebooter6212790837700239414.jar, java.io.tmpdir=/var/folders/v_/_ytk_4mn05b4c2t50sncqh900000gn/T/, line.separator=
, java.vm.specification.vendor=Oracle Corporation, os.name=Mac OS X, sun.jnu.encoding=UTF-8, java.library.path=/Users/yuanxue/Library/Java/Extensions:/Library/Java/Extensions:/Network/Library/Java/Extensions:/System/Library/Java/Extensions:/usr/lib/java:., surefire.test.class.path=/Users/yuanxue/Documents/workspace-sts-3.7.0.RELEASE/yuan-hspot/target/test-classes:/Users/yuanxue/Documents/workspace-sts-3.7.0.RELEASE/yuan-hspot/target/classes:/Users/yuanxue/.m2/repository/junit/junit/4.12/junit-4.12.jar:/Users/yuanxue/.m2/repository/org/hamcrest/hamcrest-core/1.3/hamcrest-core-1.3.jar:/Users/yuanxue/.m2/repository/io/dropwizard/dropwizard-core/0.9.0/dropwizard-core-0.9.0.jar:/Users/yuanxue/.m2/repository/io/dropwizard/dropwizard-util/0.9.0/dropwizard-util-0.9.0.jar:/Users/yuanxue/.m2/repository/com/fasterxml/jackson/core/jackson-annotations/2.6.0/jackson-annotations-2.6.0.jar:/Users/yuanxue/.m2/repository/com/google/guava/guava/18.0/guava-18.0.jar:/Users/yuanxue/.m2/repository/com/google/code/findbugs/jsr305/3.0.1/jsr305-3.0.1.jar:/Users/yuanxue/.m2/repository/joda-time/joda-time/2.9/joda-time-2.9.jar:/Users/yuanxue/.m2/repository/io/dropwizard/dropwizard-jackson/0.9.0/dropwizard-jackson-0.9.0.jar:/Users/yuanxue/.m2/repository/com/fasterxml/jackson/core/jackson-core/2.6.3/jackson-core-2.6.3.jar:/Users/yuanxue/.m2/repository/com/fasterxml/jackson/core/jackson-databind/2.6.3/jackson-databind-2.6.3.jar:/Users/yuanxue/.m2/repository/com/fasterxml/jackson/datatype/jackson-datatype-jdk7/2.6.3/jackson-datatype-jdk7-2.6.3.jar:/Users/yuanxue/.m2/repository/com/fasterxml/jackson/datatype/jackson-datatype-guava/2.6.3/jackson-datatype-guava-2.6.3.jar:/Users/yuanxue/.m2/repository/com/fasterxml/jackson/module/jackson-module-afterburner/2.6.3/jackson-module-afterburner-2.6.3.jar:/Users/yuanxue/.m2/repository/com/fasterxml/jackson/datatype/jackson-datatype-joda/2.6.3/jackson-datatype-joda-2.6.3.jar:/Users/yuanxue/.m2/repository/org/slf4j/slf4j-api/1.7.12/slf4j-api-1.7.12.jar:/Users/yuanxue/.m2/repository/ch/qos/logback/logback-classic/1.1.3/logback-classic-1.1.3.jar:/Users/yuanxue/.m2/repository/io/dropwizard/dropwizard-validation/0.9.0/dropwizard-validation-0.9.0.jar:/Users/yuanxue/.m2/repository/org/hibernate/hibernate-validator/5.2.2.Final/hibernate-validator-5.2.2.Final.jar:/Users/yuanxue/.m2/repository/javax/validation/validation-api/1.1.0.Final/validation-api-1.1.0.Final.jar:/Users/yuanxue/.m2/repository/org/jboss/logging/jboss-logging/3.2.1.Final/jboss-logging-3.2.1.Final.jar:/Users/yuanxue/.m2/repository/com/fasterxml/classmate/1.1.0/classmate-1.1.0.jar:/Users/yuanxue/.m2/repository/org/glassfish/javax.el/3.0.0/javax.el-3.0.0.jar:/Users/yuanxue/.m2/repository/io/dropwizard/dropwizard-configuration/0.9.0/dropwizard-configuration-0.9.0.jar:/Users/yuanxue/.m2/repository/com/fasterxml/jackson/dataformat/jackson-dataformat-yaml/2.6.3/jackson-dataformat-yaml-2.6.3.jar:/Users/yuanxue/.m2/repository/org/yaml/snakeyaml/1.15/snakeyaml-1.15.jar:/Users/yuanxue/.m2/repository/org/apache/commons/commons-lang3/3.4/commons-lang3-3.4.jar:/Users/yuanxue/.m2/repository/io/dropwizard/dropwizard-logging/0.9.0/dropwizard-logging-0.9.0.jar:/Users/yuanxue/.m2/repository/io/dropwizard/metrics/metrics-logback/3.1.2/metrics-logback-3.1.2.jar:/Users/yuanxue/.m2/repository/org/slf4j/jul-to-slf4j/1.7.12/jul-to-slf4j-1.7.12.jar:/Users/yuanxue/.m2/repository/ch/qos/logback/logback-core/1.1.3/logback-core-1.1.3.jar:/Users/yuanxue/.m2/repository/org/slf4j/log4j-over-slf4j/1.7.12/log4j-over-slf4j-1.7.12.jar:/Users/yuanxue/.m2/repository/org/slf4j/jcl-over-slf4j/1.7.12/jcl-over-slf4j-1.7.12.jar:/Users/yuanxue/.m2/repository/org/eclipse/jetty/jetty-util/9.2.13.v20150730/jetty-util-9.2.13.v20150730.jar:/Users/yuanxue/.m2/repository/io/dropwizard/dropwizard-metrics/0.9.0/dropwizard-metrics-0.9.0.jar:/Users/yuanxue/.m2/repository/io/dropwizard/dropwizard-jersey/0.9.0/dropwizard-jersey-0.9.0.jar:/Users/yuanxue/.m2/repository/org/glassfish/jersey/core/jersey-server/2.22.1/jersey-server-2.22.1.jar:/Users/yuanxue/.m2/repository/org/glassfish/jersey/core/jersey-common/2.22.1/jersey-common-2.22.1.jar:/Users/yuanxue/.m2/repository/org/glassfish/jersey/bundles/repackaged/jersey-guava/2.22.1/jersey-guava-2.22.1.jar:/Users/yuanxue/.m2/repository/org/glassfish/hk2/osgi-resource-locator/1.0.1/osgi-resource-locator-1.0.1.jar:/Users/yuanxue/.m2/repository/org/glassfish/jersey/core/jersey-client/2.22.1/jersey-client-2.22.1.jar:/Users/yuanxue/.m2/repository/javax/ws/rs/javax.ws.rs-api/2.0.1/javax.ws.rs-api-2.0.1.jar:/Users/yuanxue/.m2/repository/org/glassfish/jersey/media/jersey-media-jaxb/2.22.1/jersey-media-jaxb-2.22.1.jar:/Users/yuanxue/.m2/repository/javax/annotation/javax.annotation-api/1.2/javax.annotation-api-1.2.jar:/Users/yuanxue/.m2/repository/org/glassfish/hk2/hk2-api/2.4.0-b31/hk2-api-2.4.0-b31.jar:/Users/yuanxue/.m2/repository/org/glassfish/hk2/hk2-utils/2.4.0-b31/hk2-utils-2.4.0-b31.jar:/Users/yuanxue/.m2/repository/org/glassfish/hk2/external/aopalliance-repackaged/2.4.0-b31/aopalliance-repackaged-2.4.0-b31.jar:/Users/yuanxue/.m2/repository/org/glassfish/hk2/external/javax.inject/2.4.0-b31/javax.inject-2.4.0-b31.jar:/Users/yuanxue/.m2/repository/org/glassfish/hk2/hk2-locator/2.4.0-b31/hk2-locator-2.4.0-b31.jar:/Users/yuanxue/.m2/repository/org/glassfish/jersey/ext/jersey-metainf-services/2.22.1/jersey-metainf-services-2.22.1.jar:/Users/yuanxue/.m2/repository/org/glassfish/jersey/ext/jersey-bean-validation/2.22.1/jersey-bean-validation-2.22.1.jar:/Users/yuanxue/.m2/repository/io/dropwizard/metrics/metrics-jersey2/3.1.2/metrics-jersey2-3.1.2.jar:/Users/yuanxue/.m2/repository/com/fasterxml/jackson/jaxrs/jackson-jaxrs-json-provider/2.6.3/jackson-jaxrs-json-provider-2.6.3.jar:/Users/yuanxue/.m2/repository/com/fasterxml/jackson/jaxrs/jackson-jaxrs-base/2.6.3/jackson-jaxrs-base-2.6.3.jar:/Users/yuanxue/.m2/repository/com/fasterxml/jackson/module/jackson-module-jaxb-annotations/2.6.3/jackson-module-jaxb-annotations-2.6.3.jar:/Users/yuanxue/.m2/repository/org/glassfish/jersey/containers/jersey-container-servlet/2.22.1/jersey-container-servlet-2.22.1.jar:/Users/yuanxue/.m2/repository/org/glassfish/jersey/containers/jersey-container-servlet-core/2.22.1/jersey-container-servlet-core-2.22.1.jar:/Users/yuanxue/.m2/repository/org/eclipse/jetty/jetty-server/9.2.13.v20150730/jetty-server-9.2.13.v20150730.jar:/Users/yuanxue/.m2/repository/javax/servlet/javax.servlet-api/3.1.0/javax.servlet-api-3.1.0.jar:/Users/yuanxue/.m2/repository/org/eclipse/jetty/jetty-io/9.2.13.v20150730/jetty-io-9.2.13.v20150730.jar:/Users/yuanxue/.m2/repository/org/eclipse/jetty/jetty-webapp/9.2.13.v20150730/jetty-webapp-9.2.13.v20150730.jar:/Users/yuanxue/.m2/repository/org/eclipse/jetty/jetty-xml/9.2.13.v20150730/jetty-xml-9.2.13.v20150730.jar:/Users/yuanxue/.m2/repository/org/eclipse/jetty/jetty-continuation/9.2.13.v20150730/jetty-continuation-9.2.13.v20150730.jar:/Users/yuanxue/.m2/repository/io/dropwizard/dropwizard-servlets/0.9.0/dropwizard-servlets-0.9.0.jar:/Users/yuanxue/.m2/repository/io/dropwizard/metrics/metrics-annotation/3.1.2/metrics-annotation-3.1.2.jar:/Users/yuanxue/.m2/repository/io/dropwizard/dropwizard-jetty/0.9.0/dropwizard-jetty-0.9.0.jar:/Users/yuanxue/.m2/repository/io/dropwizard/metrics/metrics-jetty9/3.1.2/metrics-jetty9-3.1.2.jar:/Users/yuanxue/.m2/repository/org/eclipse/jetty/jetty-servlet/9.2.13.v20150730/jetty-servlet-9.2.13.v20150730.jar:/Users/yuanxue/.m2/repository/org/eclipse/jetty/jetty-security/9.2.13.v20150730/jetty-security-9.2.13.v20150730.jar:/Users/yuanxue/.m2/repository/org/eclipse/jetty/jetty-servlets/9.2.13.v20150730/jetty-servlets-9.2.13.v20150730.jar:/Users/yuanxue/.m2/repository/org/eclipse/jetty/jetty-http/9.2.13.v20150730/jetty-http-9.2.13.v20150730.jar:/Users/yuanxue/.m2/repository/io/dropwizard/dropwizard-lifecycle/0.9.0/dropwizard-lifecycle-0.9.0.jar:/Users/yuanxue/.m2/repository/io/dropwizard/metrics/metrics-core/3.1.2/metrics-core-3.1.2.jar:/Users/yuanxue/.m2/repository/io/dropwizard/metrics/metrics-jvm/3.1.2/metrics-jvm-3.1.2.jar:/Users/yuanxue/.m2/repository/io/dropwizard/metrics/metrics-servlets/3.1.2/metrics-servlets-3.1.2.jar:/Users/yuanxue/.m2/repository/io/dropwizard/metrics/metrics-json/3.1.2/metrics-json-3.1.2.jar:/Users/yuanxue/.m2/repository/io/dropwizard/metrics/metrics-healthchecks/3.1.2/metrics-healthchecks-3.1.2.jar:/Users/yuanxue/.m2/repository/net/sourceforge/argparse4j/argparse4j/0.6.0/argparse4j-0.6.0.jar:/Users/yuanxue/.m2/repository/org/eclipse/jetty/toolchain/setuid/jetty-setuid-java/1.0.3/jetty-setuid-java-1.0.3.jar:/Users/yuanxue/.m2/repository/org/postgresql/postgresql/9.4-1205-jdbc42/postgresql-9.4-1205-jdbc42.jar:/Users/yuanxue/.m2/repository/io/dropwizard/dropwizard-hibernate/0.9.0/dropwizard-hibernate-0.9.0.jar:/Users/yuanxue/.m2/repository/io/dropwizard/dropwizard-db/0.9.0/dropwizard-db-0.9.0.jar:/Users/yuanxue/.m2/repository/org/apache/tomcat/tomcat-jdbc/8.0.28/tomcat-jdbc-8.0.28.jar:/Users/yuanxue/.m2/repository/org/apache/tomcat/tomcat-juli/8.0.28/tomcat-juli-8.0.28.jar:/Users/yuanxue/.m2/repository/com/fasterxml/jackson/datatype/jackson-datatype-hibernate4/2.6.3/jackson-datatype-hibernate4-2.6.3.jar:/Users/yuanxue/.m2/repository/org/jadira/usertype/usertype.core/4.0.0.GA/usertype.core-4.0.0.GA.jar:/Users/yuanxue/.m2/repository/org/jadira/usertype/usertype.spi/4.0.0.GA/usertype.spi-4.0.0.GA.jar:/Users/yuanxue/.m2/repository/org/hibernate/hibernate-core/4.3.11.Final/hibernate-core-4.3.11.Final.jar:/Users/yuanxue/.m2/repository/org/jboss/logging/jboss-logging-annotations/1.2.0.Beta1/jboss-logging-annotations-1.2.0.Beta1.jar:/Users/yuanxue/.m2/repository/org/jboss/spec/javax/transaction/jboss-transaction-api_1.2_spec/1.0.0.Final/jboss-transaction-api_1.2_spec-1.0.0.Final.jar:/Users/yuanxue/.m2/repository/dom4j/dom4j/1.6.1/dom4j-1.6.1.jar:/Users/yuanxue/.m2/repository/xml-apis/xml-apis/1.0.b2/xml-apis-1.0.b2.jar:/Users/yuanxue/.m2/repository/org/hibernate/common/hibernate-commons-annotations/4.0.5.Final/hibernate-commons-annotations-4.0.5.Final.jar:/Users/yuanxue/.m2/repository/org/hibernate/javax/persistence/hibernate-jpa-2.1-api/1.0.0.Final/hibernate-jpa-2.1-api-1.0.0.Final.jar:/Users/yuanxue/.m2/repository/org/javassist/javassist/3.18.1-GA/javassist-3.18.1-GA.jar:/Users/yuanxue/.m2/repository/antlr/antlr/2.7.7/antlr-2.7.7.jar:/Users/yuanxue/.m2/repository/org/jboss/jandex/1.1.0.Final/jandex-1.1.0.Final.jar:/Users/yuanxue/.m2/repository/com/h2database/h2/1.4.190/h2-1.4.190.jar:, java.specification.name=Java Platform API Specification, java.class.version=52.0, sun.management.compiler=HotSpot 64-Bit Tiered Compilers, os.version=10.10.5, http.nonProxyHosts=local|*.local|169.254/16|*.169.254/16, user.home=/Users/yuanxue, user.timezone=America/Toronto, java.awt.printerjob=sun.lwawt.macosx.CPrinterJob, java.specification.version=1.8, file.encoding=UTF-8, hibernate.connection.driver_class=org.postgresql.Driver, user.name=yuanxue, java.class.path=/Users/yuanxue/Documents/workspace-sts-3.7.0.RELEASE/yuan-hspot/target/test-classes:/Users/yuanxue/Documents/workspace-sts-3.7.0.RELEASE/yuan-hspot/target/classes:/Users/yuanxue/.m2/repository/junit/junit/4.12/junit-4.12.jar:/Users/yuanxue/.m2/repository/org/hamcrest/hamcrest-core/1.3/hamcrest-core-1.3.jar:/Users/yuanxue/.m2/repository/io/dropwizard/dropwizard-core/0.9.0/dropwizard-core-0.9.0.jar:/Users/yuanxue/.m2/repository/io/dropwizard/dropwizard-util/0.9.0/dropwizard-util-0.9.0.jar:/Users/yuanxue/.m2/repository/com/fasterxml/jackson/core/jackson-annotations/2.6.0/jackson-annotations-2.6.0.jar:/Users/yuanxue/.m2/repository/com/google/guava/guava/18.0/guava-18.0.jar:/Users/yuanxue/.m2/repository/com/google/code/findbugs/jsr305/3.0.1/jsr305-3.0.1.jar:/Users/yuanxue/.m2/repository/joda-time/joda-time/2.9/joda-time-2.9.jar:/Users/yuanxue/.m2/repository/io/dropwizard/dropwizard-jackson/0.9.0/dropwizard-jackson-0.9.0.jar:/Users/yuanxue/.m2/repository/com/fasterxml/jackson/core/jackson-core/2.6.3/jackson-core-2.6.3.jar:/Users/yuanxue/.m2/repository/com/fasterxml/jackson/core/jackson-databind/2.6.3/jackson-databind-2.6.3.jar:/Users/yuanxue/.m2/repository/com/fasterxml/jackson/datatype/jackson-datatype-jdk7/2.6.3/jackson-datatype-jdk7-2.6.3.jar:/Users/yuanxue/.m2/repository/com/fasterxml/jackson/datatype/jackson-datatype-guava/2.6.3/jackson-datatype-guava-2.6.3.jar:/Users/yuanxue/.m2/repository/com/fasterxml/jackson/module/jackson-module-afterburner/2.6.3/jackson-module-afterburner-2.6.3.jar:/Users/yuanxue/.m2/repository/com/fasterxml/jackson/datatype/jackson-datatype-joda/2.6.3/jackson-datatype-joda-2.6.3.jar:/Users/yuanxue/.m2/repository/org/slf4j/slf4j-api/1.7.12/slf4j-api-1.7.12.jar:/Users/yuanxue/.m2/repository/ch/qos/logback/logback-classic/1.1.3/logback-classic-1.1.3.jar:/Users/yuanxue/.m2/repository/io/dropwizard/dropwizard-validation/0.9.0/dropwizard-validation-0.9.0.jar:/Users/yuanxue/.m2/repository/org/hibernate/hibernate-validator/5.2.2.Final/hibernate-validator-5.2.2.Final.jar:/Users/yuanxue/.m2/repository/javax/validation/validation-api/1.1.0.Final/validation-api-1.1.0.Final.jar:/Users/yuanxue/.m2/repository/org/jboss/logging/jboss-logging/3.2.1.Final/jboss-logging-3.2.1.Final.jar:/Users/yuanxue/.m2/repository/com/fasterxml/classmate/1.1.0/classmate-1.1.0.jar:/Users/yuanxue/.m2/repository/org/glassfish/javax.el/3.0.0/javax.el-3.0.0.jar:/Users/yuanxue/.m2/repository/io/dropwizard/dropwizard-configuration/0.9.0/dropwizard-configuration-0.9.0.jar:/Users/yuanxue/.m2/repository/com/fasterxml/jackson/dataformat/jackson-dataformat-yaml/2.6.3/jackson-dataformat-yaml-2.6.3.jar:/Users/yuanxue/.m2/repository/org/yaml/snakeyaml/1.15/snakeyaml-1.15.jar:/Users/yuanxue/.m2/repository/org/apache/commons/commons-lang3/3.4/commons-lang3-3.4.jar:/Users/yuanxue/.m2/repository/io/dropwizard/dropwizard-logging/0.9.0/dropwizard-logging-0.9.0.jar:/Users/yuanxue/.m2/repository/io/dropwizard/metrics/metrics-logback/3.1.2/metrics-logback-3.1.2.jar:/Users/yuanxue/.m2/repository/org/slf4j/jul-to-slf4j/1.7.12/jul-to-slf4j-1.7.12.jar:/Users/yuanxue/.m2/repository/ch/qos/logback/logback-core/1.1.3/logback-core-1.1.3.jar:/Users/yuanxue/.m2/repository/org/slf4j/log4j-over-slf4j/1.7.12/log4j-over-slf4j-1.7.12.jar:/Users/yuanxue/.m2/repository/org/slf4j/jcl-over-slf4j/1.7.12/jcl-over-slf4j-1.7.12.jar:/Users/yuanxue/.m2/repository/org/eclipse/jetty/jetty-util/9.2.13.v20150730/jetty-util-9.2.13.v20150730.jar:/Users/yuanxue/.m2/repository/io/dropwizard/dropwizard-metrics/0.9.0/dropwizard-metrics-0.9.0.jar:/Users/yuanxue/.m2/repository/io/dropwizard/dropwizard-jersey/0.9.0/dropwizard-jersey-0.9.0.jar:/Users/yuanxue/.m2/repository/org/glassfish/jersey/core/jersey-server
[...]
14:56:06.198 [main] DEBUG o.h.hql.internal.ast.ErrorCounter - throwQueryException() : no errors
14:56:06.198 [main] DEBUG o.h.internal.NamedQueryRepository - Checking named query: Message.findAll
14:56:06.199 [main] DEBUG o.h.h.i.ast.QueryTranslatorImpl - parse() - HQL: from com.yuan.hspot.Entity.Message
14:56:06.200 [main] DEBUG o.h.h.i.ast.QueryTranslatorImpl - --- HQL AST ---
 \-[QUERY] Node: &apos;query&apos;
    \-[SELECT_FROM] Node: &apos;SELECT_FROM&apos;
       \-[FROM] Node: &apos;from&apos;
          \-[RANGE] Node: &apos;RANGE&apos;
             \-[DOT] Node: &apos;.&apos;
                +-[DOT] Node: &apos;.&apos;
                |  +-[DOT] Node: &apos;.&apos;
                |  |  +-[DOT] Node: &apos;.&apos;
                |  |  |  +-[IDENT] Node: &apos;com&apos;
                |  |  |  \-[IDENT] Node: &apos;yuan&apos;
                |  |  \-[IDENT] Node: &apos;hspot&apos;
                |  \-[IDENT] Node: &apos;Entity&apos;
                \-[IDENT] Node: &apos;Message&apos;

14:56:06.200 [main] DEBUG o.h.hql.internal.ast.ErrorCounter - throwQueryException() : no errors
14:56:06.200 [main] DEBUG o.h.h.i.antlr.HqlSqlBaseWalker - select &lt;&lt; begin [level=1, statement=select]
14:56:06.200 [main] DEBUG o.h.h.internal.ast.tree.FromElement - FromClause{level=1} : com.yuan.hspot.Entity.Message (&lt;no alias&gt;) -&gt; message0_
14:56:06.200 [main] DEBUG o.h.h.i.antlr.HqlSqlBaseWalker - select : finishing up [level=1, statement=select]
14:56:06.200 [main] DEBUG o.h.hql.internal.ast.HqlSqlWalker - processQuery() :  ( SELECT ( FromClause{level=1} Message message0_ ) )
14:56:06.200 [main] DEBUG o.h.hql.internal.ast.HqlSqlWalker - Derived SELECT clause created.
14:56:06.200 [main] DEBUG o.h.h.i.ast.util.JoinProcessor - Using FROM fragment [Message message0_]
14:56:06.200 [main] DEBUG o.h.h.i.antlr.HqlSqlBaseWalker - select &gt;&gt; end [level=1, statement=select]
14:56:06.200 [main] DEBUG o.h.h.i.ast.QueryTranslatorImpl - --- SQL AST ---
 \-[SELECT] QueryNode: &apos;SELECT&apos;  querySpaces (Message)
    +-[SELECT_CLAUSE] SelectClause: &apos;{derived select clause}&apos;
    |  +-[SELECT_EXPR] SelectExpressionImpl: &apos;message0_.messageID as messageI1_1_&apos; {FromElement{explicit,not a collection join,not a fetch join,fetch non-lazy properties,classAlias=null,role=null,tableName=Message,tableAlias=message0_,origin=null,columns={,className=com.yuan.hspot.Entity.Message}}}
    |  \-[SQL_TOKEN] SqlFragment: &apos;message0_.conversation_conversationID as conversa4_1_, message0_.created as created2_1_, message0_.messageContent as messageC3_1_, message0_.userDetails_userID as userDeta5_1_&apos;
    \-[FROM] FromClause: &apos;from&apos; FromClause{level=1, fromElementCounter=1, fromElements=1, fromElementByClassAlias=[], fromElementByTableAlias=[message0_], fromElementsByPath=[], collectionJoinFromElementsByPath=[], impliedElements=[]}
       \-[FROM_FRAGMENT] FromElement: &apos;Message message0_&apos; FromElement{explicit,not a collection join,not a fetch join,fetch non-lazy properties,classAlias=null,role=null,tableName=Message,tableAlias=message0_,origin=null,columns={,className=com.yuan.hspot.Entity.Message}}

14:56:06.200 [main] DEBUG o.h.hql.internal.ast.ErrorCounter - throwQueryException() : no errors
14:56:06.201 [main] DEBUG o.h.h.i.ast.QueryTranslatorImpl - HQL: from com.yuan.hspot.Entity.Message
14:56:06.201 [main] DEBUG o.h.h.i.ast.QueryTranslatorImpl - SQL: select message0_.messageID as messageI1_1_, message0_.conversation_conversationID as conversa4_1_, message0_.created as created2_1_, message0_.messageContent as messageC3_1_, message0_.userDetails_userID as userDeta5_1_ from Message message0_
14:56:06.201 [main] DEBUG o.h.hql.internal.ast.ErrorCounter - throwQueryException() : no errors
14:56:06.201 [main] DEBUG o.h.internal.NamedQueryRepository - Checking named query: Conversation.findAll
14:56:06.201 [main] DEBUG o.h.h.i.ast.QueryTranslatorImpl - parse() - HQL: from com.yuan.hspot.Entity.Conversation
14:56:06.202 [main] DEBUG o.h.h.i.ast.QueryTranslatorImpl - --- HQL AST ---
 \-[QUERY] Node: &apos;query&apos;
    \-[SELECT_FROM] Node: &apos;SELECT_FROM&apos;
       \-[FROM] Node: &apos;from&apos;
          \-[RANGE] Node: &apos;RANGE&apos;
             \-[DOT] Node: &apos;.&apos;
                +-[DOT] Node: &apos;.&apos;
                |  +-[DOT] Node: &apos;.&apos;
                |  |  +-[DOT] Node: &apos;.&apos;
                |  |  |  +-[IDENT] Node: &apos;com&apos;
                |  |  |  \-[IDENT] Node: &apos;yuan&apos;
                |  |  \-[IDENT] Node: &apos;hspot&apos;
                |  \-[IDENT] Node: &apos;Entity&apos;
                \-[IDENT] Node: &apos;Conversation&apos;

14:56:06.202 [main] DEBUG o.h.hql.internal.ast.ErrorCounter - throwQueryException() : no errors
14:56:06.202 [main] DEBUG o.h.h.i.antlr.HqlSqlBaseWalker - select &lt;&lt; begin [level=1, statement=select]
14:56:06.203 [main] DEBUG o.h.h.internal.ast.tree.FromElement - FromClause{level=1} : com.yuan.hspot.Entity.Conversation (&lt;no alias&gt;) -&gt; conversati0_
14:56:06.203 [main] DEBUG o.h.h.i.antlr.HqlSqlBaseWalker - select : finishing up [level=1, statement=select]
14:56:06.203 [main] DEBUG o.h.hql.internal.ast.HqlSqlWalker - processQuery() :  ( SELECT ( FromClause{level=1} Conversation conversati0_ ) )
14:56:06.203 [main] DEBUG o.h.hql.internal.ast.HqlSqlWalker - Derived SELECT clause created.
14:56:06.203 [main] DEBUG o.h.h.i.ast.util.JoinProcessor - Using FROM fragment [Conversation conversati0_]
14:56:06.203 [main] DEBUG o.h.h.i.antlr.HqlSqlBaseWalker - select &gt;&gt; end [level=1, statement=select]
14:56:06.204 [main] DEBUG o.h.h.i.ast.QueryTranslatorImpl - --- SQL AST ---
 \-[SELECT] QueryNode: &apos;SELECT&apos;  querySpaces (Conversation)
    +-[SELECT_CLAUSE] SelectClause: &apos;{derived select clause}&apos;
    |  +-[SELECT_EXPR] SelectExpressionImpl: &apos;conversati0_.conversationID as conversa1_0_&apos; {FromElement{explicit,not a collection join,not a fetch join,fetch non-lazy properties,classAlias=null,role=null,tableName=Conversation,tableAlias=conversati0_,origin=null,columns={,className=com.yuan.hspot.Entity.Conversation}}}
    |  \-[SQL_TOKEN] SqlFragment: &apos;conversati0_.userOne_userID as userOne_2_0_, conversati0_.userTwo_userID as userTwo_3_0_&apos;
    \-[FROM] FromClause: &apos;from&apos; FromClause{level=1, fromElementCounter=1, fromElements=1, fromElementByClassAlias=[], fromElementByTableAlias=[conversati0_], fromElementsByPath=[], collectionJoinFromElementsByPath=[], impliedElements=[]}
       \-[FROM_FRAGMENT] FromElement: &apos;Conversation conversati0_&apos; FromElement{explicit,not a collection join,not a fetch join,fetch non-lazy properties,classAlias=null,role=null,tableName=Conversation,tableAlias=conversati0_,origin=null,columns={,className=com.yuan.hspot.Entity.Conversation}}

14:56:06.204 [main] DEBUG o.h.hql.internal.ast.ErrorCounter - throwQueryException() : no errors
14:56:06.204 [main] DEBUG o.h.h.i.ast.QueryTranslatorImpl - HQL: from com.yuan.hspot.Entity.Conversation
14:56:06.204 [main] DEBUG o.h.h.i.ast.QueryTranslatorImpl - SQL: select conversati0_.conversationID as conversa1_0_, conversati0_.userOne_userID as userOne_2_0_, conversati0_.userTwo_userID as userTwo_3_0_ from Conversation conversati0_
14:56:06.204 [main] DEBUG o.h.hql.internal.ast.ErrorCounter - throwQueryException() : no errors
14:56:06.204 [main] DEBUG o.h.internal.NamedQueryRepository - Checking named query: UserDetails.findAll
14:56:06.204 [main] DEBUG o.h.h.i.ast.QueryTranslatorImpl - parse() - HQL: from com.yuan.hspot.Entity.UserDetails
14:56:06.205 [main] DEBUG o.h.h.i.ast.QueryTranslatorImpl - --- HQL AST ---
 \-[QUERY] Node: &apos;query&apos;
    \-[SELECT_FROM] Node: &apos;SELECT_FROM&apos;
       \-[FROM] Node: &apos;from&apos;
          \-[RANGE] Node: &apos;RANGE&apos;
             \-[DOT] Node: &apos;.&apos;
                +-[DOT] Node: &apos;.&apos;
                |  +-[DOT] Node: &apos;.&apos;
                |  |  +-[DOT] Node: &apos;.&apos;
                |  |  |  +-[IDENT] Node: &apos;com&apos;
                |  |  |  \-[IDENT] Node: &apos;yuan&apos;
                |  |  \-[IDENT] Node: &apos;hspot&apos;
                |  \-[IDENT] Node: &apos;Entity&apos;
                \-[IDENT] Node: &apos;UserDetails&apos;

14:56:06.206 [main] DEBUG o.h.hql.internal.ast.ErrorCounter - throwQueryException() : no errors
14:56:06.206 [main] DEBUG o.h.h.i.antlr.HqlSqlBaseWalker - select &lt;&lt; begin [level=1, statement=select]
14:56:06.206 [main] DEBUG o.h.h.internal.ast.tree.FromElement - FromClause{level=1} : com.yuan.hspot.Entity.UserDetails (&lt;no alias&gt;) -&gt; userdetail0_
14:56:06.206 [main] DEBUG o.h.h.i.antlr.HqlSqlBaseWalker - select : finishing up [level=1, statement=select]
14:56:06.206 [main] DEBUG o.h.hql.internal.ast.HqlSqlWalker - processQuery() :  ( SELECT ( FromClause{level=1} UserDetails userdetail0_ ) )
14:56:06.207 [main] DEBUG o.h.hql.internal.ast.HqlSqlWalker - Derived SELECT clause created.
14:56:06.207 [main] DEBUG o.h.h.i.ast.util.JoinProcessor - Using FROM fragment [UserDetails userdetail0_]
14:56:06.207 [main] DEBUG o.h.h.i.antlr.HqlSqlBaseWalker - select &gt;&gt; end [level=1, statement=select]
14:56:06.207 [main] DEBUG o.h.h.i.ast.QueryTranslatorImpl - --- SQL AST ---
 \-[SELECT] QueryNode: &apos;SELECT&apos;  querySpaces (UserDetails)
    +-[SELECT_CLAUSE] SelectClause: &apos;{derived select clause}&apos;
    |  +-[SELECT_EXPR] SelectExpressionImpl: &apos;userdetail0_.userID as userID1_3_&apos; {FromElement{explicit,not a collection join,not a fetch join,fetch non-lazy properties,classAlias=null,role=null,tableName=UserDetails,tableAlias=userdetail0_,origin=null,columns={,className=com.yuan.hspot.Entity.UserDetails}}}
    |  \-[SQL_TOKEN] SqlFragment: &apos;userdetail0_.email as email2_3_, userdetail0_.firstName as firstNam3_3_, userdetail0_.lastName as lastName4_3_, userdetail0_.password as password5_3_, userdetail0_.role as role6_3_&apos;
    \-[FROM] FromClause: &apos;from&apos; FromClause{level=1, fromElementCounter=1, fromElements=1, fromElementByClassAlias=[], fromElementByTableAlias=[userdetail0_], fromElementsByPath=[], collectionJoinFromElementsByPath=[], impliedElements=[]}
       \-[FROM_FRAGMENT] FromElement: &apos;UserDetails userdetail0_&apos; FromElement{explicit,not a collection join,not a fetch join,fetch non-lazy properties,classAlias=null,role=null,tableName=UserDetails,tableAlias=userdetail0_,origin=null,columns={,className=com.yuan.hspot.Entity.UserDetails}}

14:56:06.207 [main] DEBUG o.h.hql.internal.ast.ErrorCounter - throwQueryException() : no errors
14:56:06.207 [main] DEBUG o.h.h.i.ast.QueryTranslatorImpl - HQL: from com.yuan.hspot.Entity.UserDetails
14:56:06.207 [main] DEBUG o.h.h.i.ast.QueryTranslatorImpl - SQL: select userdetail0_.userID as userID1_3_, userdetail0_.email as email2_3_, userdetail0_.firstName as firstNam3_3_, userdetail0_.lastName as lastName4_3_, userdetail0_.password as password5_3_, userdetail0_.role as role6_3_ from UserDetails userdetail0_
14:56:06.207 [main] DEBUG o.h.hql.internal.ast.ErrorCounter - throwQueryException() : no errors
14:56:06.207 [main] DEBUG o.h.internal.NamedQueryRepository - Checking 0 named SQL queries
14:56:06.207 [main] DEBUG o.h.s.internal.StatisticsInitiator - Statistics initialized [enabled=false]
14:56:06.208 [main] DEBUG o.h.e.t.spi.AbstractTransactionImpl - begin
14:56:06.208 [main] DEBUG o.h.e.j.i.LogicalConnectionImpl - Obtaining JDBC connection
14:56:06.208 [main] DEBUG o.h.e.j.i.LogicalConnectionImpl - Obtained JDBC connection
14:56:06.208 [main] DEBUG o.h.e.t.i.jdbc.JdbcTransaction - initial autocommit status: false
14:56:06.209 [main] DEBUG org.hibernate.SQL - delete from UserDetails
Hibernate: delete from UserDetails
14:56:06.210 [main] DEBUG org.hibernate.engine.spi.ActionQueue - Executing identity-insert immediately
14:56:06.210 [main] DEBUG org.hibernate.SQL - insert into UserDetails (email, firstName, lastName, password, role) values (?, ?, ?, ?, ?)
Hibernate: insert into UserDetails (email, firstName, lastName, password, role) values (?, ?, ?, ?, ?)
14:56:06.212 [main] DEBUG o.h.id.IdentifierGeneratorHelper - Natively generated identity: 1
14:56:06.212 [main] DEBUG org.hibernate.engine.spi.ActionQueue - Executing identity-insert immediately
14:56:06.212 [main] DEBUG org.hibernate.SQL - insert into UserDetails (email, firstName, lastName, password, role) values (?, ?, ?, ?, ?)
Hibernate: insert into UserDetails (email, firstName, lastName, password, role) values (?, ?, ?, ?, ?)
14:56:06.213 [main] DEBUG o.h.id.IdentifierGeneratorHelper - Natively generated identity: 2
14:56:06.214 [main] DEBUG org.hibernate.engine.spi.ActionQueue - Executing identity-insert immediately
14:56:06.214 [main] DEBUG org.hibernate.SQL - insert into Conversation (userOne_userID, userTwo_userID) values (?, ?)
Hibernate: insert into Conversation (userOne_userID, userTwo_userID) values (?, ?)
14:56:06.215 [main] DEBUG o.h.id.IdentifierGeneratorHelper - Natively generated identity: 1
14:56:06.216 [main] DEBUG org.hibernate.engine.spi.ActionQueue - Executing identity-insert immediately
14:56:06.216 [main] DEBUG org.hibernate.SQL - insert into Message (conversation_conversationID, created, messageContent, userDetails_userID) values (?, ?, ?, ?)
Hibernate: insert into Message (conversation_conversationID, created, messageContent, userDetails_userID) values (?, ?, ?, ?)
14:56:06.218 [main] DEBUG o.h.id.IdentifierGeneratorHelper - Natively generated identity: 1
14:56:06.219 [main] DEBUG org.hibernate.engine.spi.ActionQueue - Executing identity-insert immediately
14:56:06.219 [main] DEBUG org.hibernate.SQL - insert into Review (reviewContent, reviewGiver_userID, reviewReceiver_userID, star) values (?, ?, ?, ?)
Hibernate: insert into Review (reviewContent, reviewGiver_userID, reviewReceiver_userID, star) values (?, ?, ?, ?)
14:56:06.221 [main] DEBUG o.h.id.IdentifierGeneratorHelper - Natively generated identity: 1
14:56:06.221 [main] DEBUG o.h.e.t.spi.AbstractTransactionImpl - committing
14:56:06.221 [main] DEBUG o.h.e.i.AbstractFlushingEventListener - Processing flush-time cascades
14:56:06.221 [main] DEBUG o.h.e.i.AbstractFlushingEventListener - Dirty checking collections
14:56:06.222 [main] DEBUG o.h.engine.internal.Collections - Collection found: [com.yuan.hspot.Entity.UserDetails.messages#1], was: [&lt;unreferenced&gt;] (initialized)
14:56:06.222 [main] DEBUG o.h.engine.internal.Collections - Collection found: [com.yuan.hspot.Entity.UserDetails.reviewGiven#1], was: [&lt;unreferenced&gt;] (initialized)
14:56:06.222 [main] DEBUG o.h.engine.internal.Collections - Collection found: [com.yuan.hspot.Entity.UserDetails.reviewReceived#1], was: [&lt;unreferenced&gt;] (initialized)
14:56:06.222 [main] DEBUG o.h.engine.internal.Collections - Collection found: [com.yuan.hspot.Entity.UserDetails.skills#1], was: [&lt;unreferenced&gt;] (initialized)
14:56:06.222 [main] DEBUG o.h.engine.internal.Collections - Collection found: [com.yuan.hspot.Entity.UserDetails.userOneConversations#1], was: [&lt;unreferenced&gt;] (initialized)
14:56:06.222 [main] DEBUG o.h.engine.internal.Collections - Collection found: [com.yuan.hspot.Entity.UserDetails.userTwoConversations#1], was: [&lt;unreferenced&gt;] (initialized)
14:56:06.222 [main] DEBUG o.h.engine.internal.Collections - Collection found: [com.yuan.hspot.Entity.UserDetails.messages#2], was: [&lt;unreferenced&gt;] (initialized)
14:56:06.222 [main] DEBUG o.h.engine.internal.Collections - Collection found: [com.yuan.hspot.Entity.UserDetails.reviewGiven#2], was: [&lt;unreferenced&gt;] (initialized)
14:56:06.222 [main] DEBUG o.h.engine.internal.Collections - Collection found: [com.yuan.hspot.Entity.UserDetails.reviewReceived#2], was: [&lt;unreferenced&gt;] (initialized)
14:56:06.222 [main] DEBUG o.h.engine.internal.Collections - Collection found: [com.yuan.hspot.Entity.UserDetails.skills#2], was: [&lt;unreferenced&gt;] (initialized)
14:56:06.222 [main] DEBUG o.h.engine.internal.Collections - Collection found: [com.yuan.hspot.Entity.UserDetails.userOneConversations#2], was: [&lt;unreferenced&gt;] (initialized)
14:56:06.222 [main] DEBUG o.h.engine.internal.Collections - Collection found: [com.yuan.hspot.Entity.UserDetails.userTwoConversations#2], was: [&lt;unreferenced&gt;] (initialized)
14:56:06.222 [main] DEBUG o.h.engine.internal.Collections - Collection found: [com.yuan.hspot.Entity.Conversation.messages#1], was: [&lt;unreferenced&gt;] (initialized)
14:56:06.223 [main] DEBUG o.h.e.i.AbstractFlushingEventListener - Flushed: 0 insertions, 0 updates, 0 deletions to 5 objects
14:56:06.223 [main] DEBUG o.h.e.i.AbstractFlushingEventListener - Flushed: 13 (re)creations, 0 updates, 0 removals to 13 collections
14:56:06.223 [main] DEBUG o.h.internal.util.EntityPrinter - Listing entities:
14:56:06.223 [main] DEBUG o.h.internal.util.EntityPrinter - com.yuan.hspot.Entity.UserDetails{skills=[Python, Ruby], firstName=null, lastName=null, password=password, reviewGiven=[], role=null, messages=[], userOneConversations=[], userTwoConversations=[], userID=1, reviewReceived=[], email=user1@email.example.com}
14:56:06.223 [main] DEBUG o.h.internal.util.EntityPrinter - com.yuan.hspot.Entity.Conversation{userOne=com.yuan.hspot.Entity.UserDetails#1, conversationID=1, messages=[], userTwo=com.yuan.hspot.Entity.UserDetails#2}
14:56:06.223 [main] DEBUG o.h.internal.util.EntityPrinter - com.yuan.hspot.Entity.Message{created=Wed Nov 11 14:56:06 EST 2015, messageID=1, userDetails=com.yuan.hspot.Entity.UserDetails#1, conversation=com.yuan.hspot.Entity.Conversation#1, messageContent=hey}
14:56:06.223 [main] DEBUG o.h.internal.util.EntityPrinter - com.yuan.hspot.Entity.Review{reviewReceiver=com.yuan.hspot.Entity.UserDetails#2, star=0, reviewContent=good guy, reviewID=1, reviewGiver=com.yuan.hspot.Entity.UserDetails#1}
14:56:06.223 [main] DEBUG o.h.internal.util.EntityPrinter - com.yuan.hspot.Entity.UserDetails{skills=[], firstName=null, lastName=null, password=password, reviewGiven=[], role=null, messages=[], userOneConversations=[], userTwoConversations=[], userID=2, reviewReceived=[], email=user2@email.example.com}
14:56:06.224 [main] DEBUG o.h.p.c.AbstractCollectionPersister - Inserting collection: [com.yuan.hspot.Entity.UserDetails.skills#1]
14:56:06.224 [main] DEBUG org.hibernate.SQL - insert into UserDetails_skills (UserDetails_userID, skills) values (?, ?)
Hibernate: insert into UserDetails_skills (UserDetails_userID, skills) values (?, ?)
14:56:06.225 [main] DEBUG org.hibernate.SQL - insert into UserDetails_skills (UserDetails_userID, skills) values (?, ?)
Hibernate: insert into UserDetails_skills (UserDetails_userID, skills) values (?, ?)
14:56:06.226 [main] DEBUG o.h.p.c.AbstractCollectionPersister - Done inserting collection: 2 rows inserted
14:56:06.231 [main] DEBUG o.h.p.c.AbstractCollectionPersister - Inserting collection: [com.yuan.hspot.Entity.UserDetails.skills#2]
14:56:06.232 [main] DEBUG o.h.p.c.AbstractCollectionPersister - Collection was empty
14:56:06.232 [main] DEBUG o.h.e.t.i.jdbc.JdbcTransaction - committed JDBC Connection
14:56:06.232 [main] DEBUG o.h.e.j.internal.JdbcCoordinatorImpl - HHH000420: Closing un-released batch
14:56:06.233 [main] DEBUG o.h.e.j.i.LogicalConnectionImpl - Releasing JDBC connection
14:56:06.233 [main] DEBUG o.h.e.j.i.LogicalConnectionImpl - Released JDBC connection
14:56:06.233 [main] DEBUG o.h.e.t.spi.AbstractTransactionImpl - begin
14:56:06.233 [main] DEBUG o.h.e.j.i.LogicalConnectionImpl - Obtaining JDBC connection
14:56:06.233 [main] DEBUG o.h.e.j.i.LogicalConnectionImpl - Obtained JDBC connection
14:56:06.233 [main] DEBUG o.h.e.t.i.jdbc.JdbcTransaction - initial autocommit status: false
14:56:06.243 [main] DEBUG o.h.e.j.i.LogicalConnectionImpl - Releasing JDBC connection
14:56:06.243 [main] DEBUG o.h.e.j.i.LogicalConnectionImpl - Released JDBC connection
</system-out>
  </testcase>
</testsuite>